#
# A fatal error has been detected by the Java Runtime Environment:
#
#  SIGSEGV (0xb) at pc=0x0000000000000002, pid=9448, tid=28675
#
# JRE version: OpenJDK Runtime Environment Corretto-17.0.4.8.1 (17.0.4+8) (build 17.0.4+8-LTS)
# Java VM: OpenJDK 64-Bit Server VM Corretto-17.0.4.8.1 (17.0.4+8-LTS, mixed mode, sharing, tiered, compressed oops, compressed class ptrs, g1 gc, bsd-amd64)
# Problematic frame:
# C  0x0000000000000002
#
# No core dump will be written. Core dumps have been disabled. To enable core dumping, try "ulimit -c unlimited" before starting Java again
#
# If you would like to submit a bug report, please visit:
#   https://github.com/corretto/corretto-17/issues/
#

---------------  S U M M A R Y ------------

Command Line: -agentlib:jdwp=transport=dt_socket,address=127.0.0.1:51157,suspend=y,server=n -Dspring.profiles.active=local -javaagent:/Users/raulcarlinpaschoal/.gradle/caches/modules-2/files-2.1/org.jetbrains.kotlinx/kotlinx-coroutines-core-jvm/1.6.4/2c997cd1c0ef33f3e751d3831929aeff1390cb30/kotlinx-coroutines-core-jvm-1.6.4.jar -javaagent:/Users/raulcarlinpaschoal/Library/Caches/JetBrains/IdeaIC2022.3/captureAgent/debugger-agent.jar=file:/private/var/folders/0g/k4f137sj39q1n8wllyd82h_00000gp/T/capture.props -Dfile.encoding=UTF-8 com.bankt.cmd.BanktCommandApiApplicationKt

Host: "MacBookPro16,1" x86_64 2600 MHz, 12 cores, 16G, Darwin 22.2.0, macOS 13.1 (22C65)
Time: Sun Mar  5 11:39:55 2023 -03 elapsed time: 31.803315 seconds (0d 0h 0m 31s)

---------------  T H R E A D  ---------------

Current thread (0x00007fab85310d60):  GCTaskThread "GC Thread#4" [stack: 0x000070000c26f000,0x000070000c36f000] [id=28675]

Stack: [0x000070000c26f000,0x000070000c36f000],  sp=0x000070000c36ea88,  free space=1022k
Native frames: (J=compiled Java code, j=interpreted, Vv=VM code, C=native code)
C  0x0000000000000002
V  [libjvm.dylib+0x45f679]  G1ParScanThreadState::do_copy_to_survivor_space(G1HeapRegionAttr, oopDesc*, markWord)+0x319
V  [libjvm.dylib+0x4603ea]  void G1ParScanThreadState::do_oop_evac<narrowOop>(narrowOop*)+0x8a
V  [libjvm.dylib+0x45e75f]  G1ParScanThreadState::trim_queue_to_threshold(unsigned int)+0x19f
V  [libjvm.dylib+0x479a54]  void G1ParCopyClosure<(G1Barrier)1, false>::do_oop_work<oopDesc*>(oopDesc**)+0x254
V  [libjvm.dylib+0x2f989b]  ClassLoaderData::oops_do(OopClosure*, int, bool)+0xdb
V  [libjvm.dylib+0x45cbcf]  G1CLDScanClosure::do_cld(ClassLoaderData*)+0x3f
V  [libjvm.dylib+0x2fc6a2]  ClassLoaderDataGraph::roots_cld_do(CLDClosure*, CLDClosure*)+0x42
V  [libjvm.dylib+0x47b8f1]  G1RootProcessor::process_java_roots(G1RootClosures*, G1GCPhaseTimes*, unsigned int)+0xc1
V  [libjvm.dylib+0x47b7ac]  G1RootProcessor::evacuate_roots(G1ParScanThreadState*, unsigned int)+0x5c
V  [libjvm.dylib+0x42791f]  G1EvacuateRegionsTask::scan_roots(G1ParScanThreadState*, unsigned int)+0x1f
V  [libjvm.dylib+0x427815]  G1EvacuateRegionsBaseTask::work(unsigned int)+0x75
V  [libjvm.dylib+0xb4d00c]  GangWorker::loop()+0x5c
V  [libjvm.dylib+0xb4cf96]  GangWorker::run()+0x16
V  [libjvm.dylib+0xaa06aa]  Thread::call_run()+0x10a
V  [libjvm.dylib+0x8ab498]  thread_native_entry(Thread*)+0x148
C  [libsystem_pthread.dylib+0x6259]  _pthread_start+0x7d
C  [libsystem_pthread.dylib+0x1c7b]  thread_start+0xf


siginfo: si_signo: 11 (SIGSEGV), si_code: 1 (SEGV_MAPERR), si_addr: 0x0000000000000002

Register to memory mapping:

RAX=0x0000000000000008 is an unknown value
RBX=0x000000070317e670 points into unknown readable memory: 0x000000070317e673 | 73 e6 17 03 07 00 00 00
RCX=0x0000000109f42ac8: _ZN30OopOopIterateBackwardsDispatchI25G1ScanEvacuatedObjClosureE6_tableE+0 in /Users/raulcarlinpaschoal/.sdkman/candidates/java/17.0.4-amzn/lib/server/libjvm.dylib at 0x0000000109224000
RDX=0x0000000800c21ea0 is pointing into metadata
RSP=0x000070000c36ea88 points into unknown readable memory: 0x0000000109683b56 | 56 3b 68 09 01 00 00 00
RBP=0x000070000c36eab0 points into unknown readable memory: 0x000070000c36eb20 | 20 eb 36 0c 00 70 00 00
RSI=0x000000070317e670 points into unknown readable memory: 0x000000070317e673 | 73 e6 17 03 07 00 00 00
RDI=0x00007fab85056a10 points into unknown readable memory: 0x0000000109f1c4e0 | e0 c4 f1 09 01 00 00 00
R8 =0x0 is NULL
R9 =0xffffffff00000001 is an unknown value
R10=0x000060000027c568 points into unknown readable memory: 0x0000000000000000 | 00 00 00 00 00 00 00 00
R11=0xfffffffffe4101d8 is an unknown value
R12=0x000060000187d500 points into unknown readable memory: 0x0000000703000000 | 00 00 00 03 07 00 00 00
R13=0x0 is NULL
R14=0x00007fab85056a10 points into unknown readable memory: 0x0000000109f1c4e0 | e0 c4 f1 09 01 00 00 00
R15=0x0000000000000001 is an unknown value


Registers:
RAX=0x0000000000000008, RBX=0x000000070317e670, RCX=0x0000000109f42ac8, RDX=0x0000000800c21ea0
RSP=0x000070000c36ea88, RBP=0x000070000c36eab0, RSI=0x000000070317e670, RDI=0x00007fab85056a10
R8 =0x0000000000000000, R9 =0xffffffff00000001, R10=0x000060000027c568, R11=0xfffffffffe4101d8
R12=0x000060000187d500, R13=0x0000000000000000, R14=0x00007fab85056a10, R15=0x0000000000000001
RIP=0x0000000000000002, EFLAGS=0x0000000000010206, ERR=0x0000000000000014
  TRAPNO=0x000000000000000e

Top of Stack: (sp=0x000070000c36ea88)
0x000070000c36ea88:   0000000109683b56 00007fab85056890
0x000070000c36ea98:   0000000702c875a0 000000070317e670
0x000070000c36eaa8:   0000000000000000 000070000c36eb20
0x000070000c36eab8:   0000000109683679 00007fab85056890
0x000070000c36eac8:   0000000000184396 0000000800c21ea0
0x000070000c36ead8:   000000010000001f 000060000187d500
0x000070000c36eae8:   0000000000000001 0000000000000001
0x000070000c36eaf8:   0000000000000003 0000000109f412b0
0x000070000c36eb08:   0000000702c8752c 00007fab85056890
0x000070000c36eb18:   0000000702c8752c 000070000c36eb50
0x000070000c36eb28:   00000001096843ea 00007fab85056890
0x000070000c36eb38:   00007fab85056890 0000000000000040
0x000070000c36eb48:   ffffffff00000000 000070000c36eb90
0x000070000c36eb58:   000000010968275f 00007fab850568a8
0x000070000c36eb68:   00007fab85056890 000000000000001d
0x000070000c36eb78:   0000000000000001 00000007677a44d4
0x000070000c36eb88:   000000132fbb76da 000070000c36ebd0
0x000070000c36eb98:   000000010969da54 0000000109f1cac0
0x000070000c36eba8:   00007fab84762018 000000000000001d
0x000070000c36ebb8:   0000000000000001 00007fab84762000
0x000070000c36ebc8:   0000600001d38e38 000070000c36ec00
0x000070000c36ebd8:   000000010951d89b 00006000010780a0
0x000070000c36ebe8:   00007fab8530f880 0000600001d38e98
0x000070000c36ebf8:   0000000000000000 000070000c36ec30
0x000070000c36ec08:   0000000109680bcf 00006000010780a0
0x000070000c36ec18:   00007fab8530f880 0000600001d38e98
0x000070000c36ec28:   0000600001d38e98 000070000c36ec60
0x000070000c36ec38:   00000001095206a2 0000600001d38e98
0x000070000c36ec48:   0000600001d38e00 0000600001d38e98
0x000070000c36ec58:   0000600001d38e08 000070000c36ed00
0x000070000c36ec68:   000000010969f8f1 0000000109f1bda0
0x000070000c36ec78:   0000000767769862 000000132fb1f08c 

Instructions: (pc=0x0000000000000002)
0xffffffffffffff02:   


Stack slot to memory mapping:
stack at sp + 0 slots: 0x0000000109683b56: _ZN20G1ParScanThreadState29handle_evacuation_failure_parEP7oopDesc8markWord+0x146 in /Users/raulcarlinpaschoal/.sdkman/candidates/java/17.0.4-amzn/lib/server/libjvm.dylib at 0x0000000109224000
stack at sp + 1 slots: 0x00007fab85056890 points into unknown readable memory: 0x0000000109f1c4c0 | c0 c4 f1 09 01 00 00 00
stack at sp + 2 slots: 0x0000000702c875a0 points into unknown readable memory: 0x00b8000411070000 | 00 00 07 11 04 00 b8 00
stack at sp + 3 slots: 0x000000070317e670 points into unknown readable memory: 0x000000070317e673 | 73 e6 17 03 07 00 00 00
stack at sp + 4 slots: 0x0 is NULL
stack at sp + 5 slots: 0x000070000c36eb20 points into unknown readable memory: 0x000070000c36eb50 | 50 eb 36 0c 00 70 00 00
stack at sp + 6 slots: 0x0000000109683679: _ZN20G1ParScanThreadState25do_copy_to_survivor_spaceE16G1HeapRegionAttrP7oopDesc8markWord+0x319 in /Users/raulcarlinpaschoal/.sdkman/candidates/java/17.0.4-amzn/lib/server/libjvm.dylib at 0x0000000109224000
stack at sp + 7 slots: 0x00007fab85056890 points into unknown readable memory: 0x0000000109f1c4c0 | c0 c4 f1 09 01 00 00 00


---------------  P R O C E S S  ---------------

Threads class SMR info:
_java_thread_list=0x000060000279cfa0, length=45, elements={
0x00007fab86015a00, 0x00007fab878d4e00, 0x00007fab878dd600, 0x00007fab84824c00,
0x00007fab8600ee00, 0x00007fab84825200, 0x00007fab878d5a00, 0x00007fab878d6000,
0x00007fab89009600, 0x00007fab84825800, 0x00007fab84810e00, 0x00007fab8682fe00,
0x00007fab868ae600, 0x00007fab8900e400, 0x00007fab89259400, 0x00007fab84ce5e00,
0x00007fab85999600, 0x00007fab85999c00, 0x00007fab87e3fc00, 0x00007fab86292400,
0x00007fab862de600, 0x00007fab86356e00, 0x00007fab869ede00, 0x00007fab869ee400,
0x00007fab8c80d800, 0x00007fab86357400, 0x00007fab86357a00, 0x00007fab8914de00,
0x00007fab869b0e00, 0x00007fab8a019c00, 0x00007fab87b75600, 0x00007fab87b75c00,
0x00007fab85995400, 0x00007fab869b1400, 0x00007fab86aee000, 0x00007fab8915b800,
0x00007fab89720e00, 0x00007fab8971d600, 0x00007fab8971dc00, 0x00007fab85aa9400,
0x00007fab862dde00, 0x00007fab89719e00, 0x00007fab8481c000, 0x00007fab86808a00,
0x00007fab87b93a00
}

Java Threads: ( => current thread )
  0x00007fab86015a00 JavaThread "Reference Handler" daemon [_thread_blocked, id=17667, stack(0x000070000af33000,0x000070000b033000)]
  0x00007fab878d4e00 JavaThread "Finalizer" daemon [_thread_blocked, id=18435, stack(0x000070000b036000,0x000070000b136000)]
  0x00007fab878dd600 JavaThread "Signal Dispatcher" daemon [_thread_blocked, id=31491, stack(0x000070000b23f000,0x000070000b33f000)]
  0x00007fab84824c00 JavaThread "Service Thread" daemon [_thread_blocked, id=23555, stack(0x000070000b342000,0x000070000b442000)]
  0x00007fab8600ee00 JavaThread "Monitor Deflation Thread" daemon [_thread_blocked, id=24067, stack(0x000070000b445000,0x000070000b545000)]
  0x00007fab84825200 JavaThread "C2 CompilerThread0" daemon [_thread_blocked, id=24579, stack(0x000070000b548000,0x000070000b648000)]
  0x00007fab878d5a00 JavaThread "C1 CompilerThread0" daemon [_thread_blocked, id=31235, stack(0x000070000b64b000,0x000070000b74b000)]
  0x00007fab878d6000 JavaThread "Sweeper thread" daemon [_thread_blocked, id=25347, stack(0x000070000b74e000,0x000070000b84e000)]
  0x00007fab89009600 JavaThread "Common-Cleaner" daemon [_thread_blocked, id=25603, stack(0x000070000b851000,0x000070000b951000)]
  0x00007fab84825800 JavaThread "JDWP Transport Listener: dt_socket" daemon [_thread_blocked, id=30467, stack(0x000070000b954000,0x000070000ba54000)]
  0x00007fab84810e00 JavaThread "JDWP Event Helper Thread" daemon [_thread_blocked, id=26115, stack(0x000070000ba57000,0x000070000bb57000)]
  0x00007fab8682fe00 JavaThread "JDWP Command Reader" daemon [_thread_in_native, id=26371, stack(0x000070000bb5a000,0x000070000bc5a000)]
  0x00007fab868ae600 JavaThread "Coroutines Debugger Cleaner" daemon [_thread_blocked, id=29955, stack(0x000070000bc5d000,0x000070000bd5d000)]
  0x00007fab8900e400 JavaThread "Notification Thread" daemon [_thread_blocked, id=27139, stack(0x000070000bd60000,0x000070000be60000)]
  0x00007fab89259400 JavaThread "boundedElastic-evictor-1" daemon [_thread_blocked, id=42247, stack(0x000070000c881000,0x000070000c981000)]
  0x00007fab84ce5e00 JavaThread "BufferPoolPruner-1-thread-1" daemon [_thread_blocked, id=41991, stack(0x000070000c984000,0x000070000ca84000)]
  0x00007fab85999600 JavaThread "AsyncGetter-3-thread-1" daemon [_thread_blocked, id=40963, stack(0x000070000cc8d000,0x000070000cd8d000)]
  0x00007fab85999c00 JavaThread "cluster-ClusterId{value='6404a99e10139e34a2ea138e', description='null'}-localhost:27017" daemon [_thread_blocked, id=35331, stack(0x000070000cd90000,0x000070000ce90000)]
  0x00007fab87e3fc00 JavaThread "cluster-rtt-ClusterId{value='6404a99e10139e34a2ea138e', description='null'}-localhost:27017" daemon [_thread_blocked, id=40451, stack(0x000070000ce93000,0x000070000cf93000)]
  0x00007fab86292400 JavaThread "Thread-2" daemon [_thread_blocked, id=36099, stack(0x000070000cf96000,0x000070000d096000)]
  0x00007fab862de600 JavaThread "Thread-3" daemon [_thread_blocked, id=36611, stack(0x000070000d099000,0x000070000d199000)]
  0x00007fab86356e00 JavaThread "Thread-4" daemon [_thread_blocked, id=36867, stack(0x000070000d19c000,0x000070000d29c000)]
  0x00007fab869ede00 JavaThread "Thread-5" daemon [_thread_in_native, id=39427, stack(0x000070000d29f000,0x000070000d39f000)]
  0x00007fab869ee400 JavaThread "Thread-6" daemon [_thread_blocked, id=39171, stack(0x000070000d3a2000,0x000070000d4a2000)]
  0x00007fab8c80d800 JavaThread "Thread-7" daemon [_thread_blocked, id=38659, stack(0x000070000d4a5000,0x000070000d5a5000)]
  0x00007fab86357400 JavaThread "Thread-8" daemon [_thread_blocked, id=37379, stack(0x000070000d5a8000,0x000070000d6a8000)]
  0x00007fab86357a00 JavaThread "Thread-9" daemon [_thread_blocked, id=38147, stack(0x000070000d6ab000,0x000070000d7ab000)]
  0x00007fab8914de00 JavaThread "Thread-10" daemon [_thread_blocked, id=43523, stack(0x000070000d7ae000,0x000070000d8ae000)]
  0x00007fab869b0e00 JavaThread "Thread-11" daemon [_thread_blocked, id=44035, stack(0x000070000d8b1000,0x000070000d9b1000)]
  0x00007fab8a019c00 JavaThread "Thread-12" daemon [_thread_blocked, id=44547, stack(0x000070000d9b4000,0x000070000dab4000)]
  0x00007fab87b75600 JavaThread "Thread-13" daemon [_thread_blocked, id=65283, stack(0x000070000dab7000,0x000070000dbb7000)]
  0x00007fab87b75c00 JavaThread "Thread-14" daemon [_thread_blocked, id=45315, stack(0x000070000dbba000,0x000070000dcba000)]
  0x00007fab85995400 JavaThread "Thread-15" daemon [_thread_blocked, id=65027, stack(0x000070000dcbd000,0x000070000ddbd000)]
  0x00007fab869b1400 JavaThread "Thread-16" daemon [_thread_blocked, id=45827, stack(0x000070000ddc0000,0x000070000dec0000)]
  0x00007fab86aee000 JavaThread "Thread-17" daemon [_thread_blocked, id=64515, stack(0x000070000dec3000,0x000070000dfc3000)]
  0x00007fab8915b800 JavaThread "MaintenanceTimer-2-thread-1" daemon [_thread_blocked, id=64003, stack(0x000070000dfc6000,0x000070000e0c6000)]
  0x00007fab89720e00 JavaThread "AsyncGetter-5-thread-1" daemon [_thread_blocked, id=46595, stack(0x000070000e0c9000,0x000070000e1c9000)]
  0x00007fab8971d600 JavaThread "cluster-ClusterId{value='6404a99e10139e34a2ea138f', description='null'}-localhost:27017" daemon [_thread_blocked, id=46851, stack(0x000070000e1cc000,0x000070000e2cc000)]
  0x00007fab8971dc00 JavaThread "cluster-rtt-ClusterId{value='6404a99e10139e34a2ea138f', description='null'}-localhost:27017" daemon [_thread_blocked, id=47363, stack(0x000070000e2cf000,0x000070000e3cf000)]
  0x00007fab85aa9400 JavaThread "MaintenanceTimer-4-thread-1" daemon [_thread_blocked, id=47875, stack(0x000070000e3d2000,0x000070000e4d2000)]
  0x00007fab862dde00 JavaThread "reactor-http-nio-1" daemon [_thread_in_native, id=48131, stack(0x000070000e4d5000,0x000070000e5d5000)]
  0x00007fab89719e00 JavaThread "server" [_thread_blocked, id=63235, stack(0x000070000e5d8000,0x000070000e6d8000)]
  0x00007fab8481c000 JavaThread "DestroyJavaVM" [_thread_blocked, id=5635, stack(0x000070000a81e000,0x000070000a91e000)]
  0x00007fab86808a00 JavaThread "reactor-http-nio-2" daemon [_thread_in_native, id=22535, stack(0x000070000e6db000,0x000070000e7db000)]
  0x00007fab87b93a00 JavaThread "reactor-http-nio-3" daemon [_thread_blocked, id=49155, stack(0x000070000e7de000,0x000070000e8de000)]

Other Threads:
  0x00007fab85409de0 VMThread "VM Thread" [stack: 0x000070000ae30000,0x000070000af30000] [id=19459]
  0x00007fab8541b2c0 WatcherThread [stack: 0x000070000be63000,0x000070000bf63000] [id=27395]
  0x00007fab85007c30 GCTaskThread "GC Thread#0" [stack: 0x000070000a921000,0x000070000aa21000] [id=13827]
  0x00007fab8530fc20 GCTaskThread "GC Thread#1" [stack: 0x000070000bf66000,0x000070000c066000] [id=27651]
  0x00007fab85310090 GCTaskThread "GC Thread#2" [stack: 0x000070000c069000,0x000070000c169000] [id=28163]
  0x00007fab85310500 GCTaskThread "GC Thread#3" [stack: 0x000070000c16c000,0x000070000c26c000] [id=28931]
=>0x00007fab85310d60 GCTaskThread "GC Thread#4" [stack: 0x000070000c26f000,0x000070000c36f000] [id=28675]
  0x00007fab853115c0 GCTaskThread "GC Thread#5" [stack: 0x000070000c372000,0x000070000c472000] [id=33027]
  0x00007fab85421700 GCTaskThread "GC Thread#6" [stack: 0x000070000c475000,0x000070000c575000] [id=43267]
  0x00007fab85422020 GCTaskThread "GC Thread#7" [stack: 0x000070000c578000,0x000070000c678000] [id=43011]
  0x00007fab8502bf30 GCTaskThread "GC Thread#8" [stack: 0x000070000c67b000,0x000070000c77b000] [id=34051]
  0x00007fab8502c3a0 GCTaskThread "GC Thread#9" [stack: 0x000070000c77e000,0x000070000c87e000] [id=34307]
  0x00007fab854043c0 ConcurrentGCThread "G1 Main Marker" [stack: 0x000070000aa24000,0x000070000ab24000] [id=12291]
  0x00007fab85404c40 ConcurrentGCThread "G1 Conc#0" [stack: 0x000070000ab27000,0x000070000ac27000] [id=13059]
  0x00007fab8532ce60 ConcurrentGCThread "G1 Conc#1" [stack: 0x000070000ca87000,0x000070000cb87000] [id=35075]
  0x00007fab8532d2d0 ConcurrentGCThread "G1 Conc#2" [stack: 0x000070000cb8a000,0x000070000cc8a000] [id=41475]
  0x00007fab85407ca0 ConcurrentGCThread "G1 Refine#0" [stack: 0x000070000ac2a000,0x000070000ad2a000] [id=21507]
  0x00007fab85408530 ConcurrentGCThread "G1 Service" [stack: 0x000070000ad2d000,0x000070000ae2d000] [id=16643]

Threads with active compile tasks:
C1 CompilerThread0    31819 5544       3       org.bson.BsonDocument::put (40 bytes)

VM state: at safepoint (normal execution)

VM Mutex/Monitor currently owned by a thread:  ([mutex/lock_event])
[0x0000600000f7d880] Threads_lock - owner thread: 0x00007fab85409de0
[0x0000600000f7de00] Heap_lock - owner thread: 0x00007fab85999c00

Heap address: 0x0000000700000000, size: 4096 MB, Compressed Oops mode: Zero based, Oop shift amount: 3

CDS archive(s) mapped at: [0x0000000800000000-0x0000000800bd4000-0x0000000800bd4000), size 12402688, SharedBaseAddress: 0x0000000800000000, ArchiveRelocationMode: 0.
Compressed class space mapped at: 0x0000000800c00000-0x0000000840c00000, reserved size: 1073741824
Narrow klass base: 0x0000000800000000, Narrow klass shift: 0, Narrow klass range: 0x100000000

GC Precious Log:
 CPUs: 12 total, 12 available
 Memory: 16384M
 Large Page Support: Disabled
 NUMA Support: Disabled
 Compressed Oops: Enabled (Zero based)
 Heap Region Size: 2M
 Heap Min Capacity: 8M
 Heap Initial Capacity: 256M
 Heap Max Capacity: 4G
 Pre-touch: Disabled
 Parallel Workers: 10
 Concurrent Workers: 3
 Concurrent Refinement Workers: 10
 Periodic GC: Disabled

Heap:
 garbage-first heap   total 83968K, used 60386K [0x0000000700000000, 0x0000000800000000)
  region size 2048K, 18 young (36864K), 2 survivors (4096K)
 Metaspace       used 56233K, committed 56704K, reserved 1105920K
  class space    used 7604K, committed 7808K, reserved 1048576K

Heap Regions: E=young(eden), S=young(survivor), O=old, HS=humongous(starts), HC=humongous(continues), CS=collection set, F=free, OA=open archive, CA=closed archive, TAMS=top-at-mark-start (previous, next)
|   0|0x0000000700000000, 0x0000000700200000, 0x0000000700200000|100%| O|  |TAMS 0x0000000700200000, 0x0000000700000000| Untracked 
|   1|0x0000000700200000, 0x0000000700400000, 0x0000000700400000|100%| O|  |TAMS 0x0000000700400000, 0x0000000700200000| Untracked 
|   2|0x0000000700400000, 0x00000007005d3200, 0x0000000700600000| 91%| O|  |TAMS 0x00000007005d3200, 0x0000000700400000| Untracked 
|   3|0x0000000700600000, 0x0000000700800000, 0x0000000700800000|100%| O|  |TAMS 0x0000000700800000, 0x0000000700600000| Untracked 
|   4|0x0000000700800000, 0x0000000700a00000, 0x0000000700a00000|100%| O|  |TAMS 0x0000000700800000, 0x0000000700800000| Untracked 
|   5|0x0000000700a00000, 0x0000000700c00000, 0x0000000700c00000|100%| O|  |TAMS 0x0000000700a00000, 0x0000000700a00000| Untracked 
|   6|0x0000000700c00000, 0x0000000700e00000, 0x0000000700e00000|100%| O|  |TAMS 0x0000000700c00000, 0x0000000700c00000| Untracked 
|   7|0x0000000700e00000, 0x0000000701000000, 0x0000000701000000|100%| O|  |TAMS 0x0000000700e00000, 0x0000000700e00000| Untracked 
|   8|0x0000000701000000, 0x0000000701200000, 0x0000000701200000|100%| O|  |TAMS 0x0000000701200000, 0x0000000701000000| Untracked 
|   9|0x0000000701200000, 0x0000000701400000, 0x0000000701400000|100%| O|  |TAMS 0x0000000701400000, 0x0000000701200000| Untracked 
|  10|0x0000000701400000, 0x0000000701600000, 0x0000000701600000|100%| O|  |TAMS 0x00000007015a9c00, 0x0000000701400000| Untracked 
|  11|0x0000000701600000, 0x0000000701800000, 0x0000000701800000|100%| O|  |TAMS 0x0000000701600000, 0x0000000701600000| Untracked 
|  12|0x0000000701800000, 0x0000000701800000, 0x0000000701a00000|  0%| F|  |TAMS 0x0000000701800000, 0x0000000701800000| Untracked 
|  13|0x0000000701a00000, 0x0000000701a00000, 0x0000000701c00000|  0%| F|  |TAMS 0x0000000701a00000, 0x0000000701a00000| Untracked 
|  14|0x0000000701c00000, 0x0000000701c00000, 0x0000000701e00000|  0%| F|  |TAMS 0x0000000701c00000, 0x0000000701c00000| Untracked 
|  15|0x0000000701e00000, 0x0000000701e00000, 0x0000000702000000|  0%| F|  |TAMS 0x0000000701e00000, 0x0000000701e00000| Untracked 
|  16|0x0000000702000000, 0x0000000702000000, 0x0000000702200000|  0%| F|  |TAMS 0x0000000702000000, 0x0000000702000000| Untracked 
|  17|0x0000000702200000, 0x0000000702200000, 0x0000000702400000|  0%| F|  |TAMS 0x0000000702200000, 0x0000000702200000| Untracked 
|  18|0x0000000702400000, 0x0000000702600000, 0x0000000702600000|100%| S|  |TAMS 0x0000000702400000, 0x0000000702400000| Complete 
|  19|0x0000000702600000, 0x00000007027309e0, 0x0000000702800000| 59%| E|CS|TAMS 0x0000000702600000, 0x0000000702600000| Complete 
|  20|0x0000000702800000, 0x0000000702a00000, 0x0000000702a00000|100%| E|CS|TAMS 0x0000000702800000, 0x0000000702800000| Complete 
|  21|0x0000000702a00000, 0x0000000702c00000, 0x0000000702c00000|100%| E|CS|TAMS 0x0000000702a00000, 0x0000000702a00000| Complete 
|  22|0x0000000702c00000, 0x0000000702e00000, 0x0000000702e00000|100%| S|  |TAMS 0x0000000702c00000, 0x0000000702c00000| Complete 
|  23|0x0000000702e00000, 0x0000000703000000, 0x0000000703000000|100%| E|CS|TAMS 0x0000000702e00000, 0x0000000702e00000| Complete 
|  24|0x0000000703000000, 0x0000000703200000, 0x0000000703200000|100%| E|CS|TAMS 0x0000000703000000, 0x0000000703000000| Complete 
|  25|0x0000000703200000, 0x0000000703400000, 0x0000000703400000|100%| E|CS|TAMS 0x0000000703200000, 0x0000000703200000| Complete 
|  26|0x0000000703400000, 0x0000000703600000, 0x0000000703600000|100%| E|CS|TAMS 0x0000000703400000, 0x0000000703400000| Complete 
|  27|0x0000000703600000, 0x0000000703800000, 0x0000000703800000|100%| E|CS|TAMS 0x0000000703600000, 0x0000000703600000| Complete 
|  28|0x0000000703800000, 0x0000000703a00000, 0x0000000703a00000|100%| E|CS|TAMS 0x0000000703800000, 0x0000000703800000| Complete 
|  29|0x0000000703a00000, 0x0000000703c00000, 0x0000000703c00000|100%| E|CS|TAMS 0x0000000703a00000, 0x0000000703a00000| Complete 
|  30|0x0000000703c00000, 0x0000000703e00000, 0x0000000703e00000|100%| E|CS|TAMS 0x0000000703c00000, 0x0000000703c00000| Complete 
|  31|0x0000000703e00000, 0x0000000704000000, 0x0000000704000000|100%| E|CS|TAMS 0x0000000703e00000, 0x0000000703e00000| Complete 
|  32|0x0000000704000000, 0x0000000704200000, 0x0000000704200000|100%| E|CS|TAMS 0x0000000704000000, 0x0000000704000000| Complete 
|  33|0x0000000704200000, 0x0000000704400000, 0x0000000704400000|100%| E|CS|TAMS 0x0000000704200000, 0x0000000704200000| Complete 
|  82|0x000000070a400000, 0x000000070a600000, 0x000000070a600000|100%| E|CS|TAMS 0x000000070a400000, 0x000000070a400000| Complete 
|  83|0x000000070a600000, 0x000000070a800000, 0x000000070a800000|100%| E|CS|TAMS 0x000000070a600000, 0x000000070a600000| Complete 
|  84|0x000000070a800000, 0x000000070aa00000, 0x000000070aa00000|100%| E|CS|TAMS 0x000000070a800000, 0x000000070a800000| Complete 
| 126|0x000000070fc00000, 0x000000070fe00000, 0x000000070fe00000|100%| E|CS|TAMS 0x000000070fc00000, 0x000000070fc00000| Complete 
| 127|0x000000070fe00000, 0x0000000710000000, 0x0000000710000000|100%| E|CS|TAMS 0x000000070fe00000, 0x000000070fe00000| Complete 
|2046|0x00000007ffc00000, 0x00000007ffd76000, 0x00000007ffe00000| 73%|OA|  |TAMS 0x00000007ffd76000, 0x00000007ffc00000| Untracked 
|2047|0x00000007ffe00000, 0x00000007ffe7f000, 0x0000000800000000| 24%|CA|  |TAMS 0x00000007ffe7f000, 0x00000007ffe00000| Untracked 

Card table byte_map: [0x0000000120db4000,0x00000001215b4000] _byte_map_base: 0x000000011d5b4000

Marking Bits (Prev, Next): (CMBitMap*) 0x00007fab87808250, (CMBitMap*) 0x00007fab87808210
 Prev Bits: [0x0000000125db4000, 0x0000000129db4000)
 Next Bits: [0x0000000121db4000, 0x0000000125db4000)

Polling page: 0x000000010807a000

Metaspace:

Usage:
  Non-class:     47.49 MB used.
      Class:      7.43 MB used.
       Both:     54.92 MB used.

Virtual space:
  Non-class space:       56.00 MB reserved,      47.75 MB ( 85%) committed,  7 nodes.
      Class space:        1.00 GB reserved,       7.62 MB ( <1%) committed,  1 nodes.
             Both:        1.05 GB reserved,      55.38 MB (  5%) committed. 

Chunk freelists:
   Non-Class:  3.68 MB
       Class:  330.00 KB
        Both:  4.00 MB

MaxMetaspaceSize: unlimited
CompressedClassSpaceSize: 1.00 GB
Initial GC threshold: 21.00 MB
Current GC threshold: 66.81 MB
CDS: on
MetaspaceReclaimPolicy: balanced
 - commit_granule_bytes: 65536.
 - commit_granule_words: 8192.
 - virtual_space_node_default_size: 1048576.
 - enlarge_chunks_in_place: 1.
 - new_chunks_are_fully_committed: 0.
 - uncommit_free_chunks: 1.
 - use_allocation_guard: 0.
 - handle_deallocations: 1.


Internal statistics:

num_allocs_failed_limit: 11.
num_arena_births: 614.
num_arena_deaths: 0.
num_vsnodes_births: 8.
num_vsnodes_deaths: 0.
num_space_committed: 886.
num_space_uncommitted: 0.
num_chunks_returned_to_freelist: 11.
num_chunks_taken_from_freelist: 2654.
num_chunk_merges: 11.
num_chunk_splits: 1882.
num_chunks_enlarged: 1486.
num_purges: 0.
num_inconsistent_stats: 0.

CodeHeap 'non-profiled nmethods': size=120028Kb used=2300Kb max_used=2300Kb free=117727Kb
 bounds [0x000000011987d000, 0x0000000119aed000, 0x0000000120db4000]
CodeHeap 'profiled nmethods': size=120028Kb used=10114Kb max_used=10114Kb free=109913Kb
 bounds [0x0000000112346000, 0x0000000112d36000, 0x000000011987d000]
CodeHeap 'non-nmethods': size=5704Kb used=1370Kb max_used=1441Kb free=4333Kb
 bounds [0x0000000111db4000, 0x0000000112024000, 0x0000000112346000]
 total_blobs=6086 nmethods=5441 adapters=558
 compilation: enabled
              stopped_count=0, restarted_count=0
 full_count=0

Compilation events (20 events):
Event: 7.683 Thread 0x00007fab878d5a00 5540       2       java.util.concurrent.TimeUnit::toMillis (69 bytes)
Event: 7.683 Thread 0x00007fab878d5a00 nmethod 5540 0x0000000112d26510 code [0x0000000112d266c0, 0x0000000112d268f0]
Event: 7.685 Thread 0x00007fab878d5a00 5543       1       io.micrometer.core.instrument.ImmutableTag::getKey (5 bytes)
Event: 7.685 Thread 0x00007fab878d5a00 nmethod 5543 0x0000000119aa6c10 code [0x0000000119aa6da0, 0x0000000119aa6e70]
Event: 7.935 Thread 0x00007fab84825200 nmethod 5363 0x0000000119aa6f10 code [0x0000000119aa74e0, 0x0000000119ab0038]
Event: 7.936 Thread 0x00007fab84825200 5416   !   4       java.util.concurrent.ConcurrentHashMap::computeIfAbsent (576 bytes)
Event: 7.975 Thread 0x00007fab84825200 nmethod 5416 0x0000000119ab4d90 code [0x0000000119ab4fe0, 0x0000000119ab73a0]
Event: 7.975 Thread 0x00007fab84825200 5369       4       jdk.internal.util.Preconditions::checkIndex (18 bytes)
Event: 7.975 Thread 0x00007fab84825200 nmethod 5369 0x0000000119ab8710 code [0x0000000119ab88a0, 0x0000000119ab8938]
Event: 7.975 Thread 0x00007fab84825200 5483       4       java.lang.invoke.VarHandle::checkExactAccessMode (28 bytes)
Event: 7.980 Thread 0x00007fab84825200 nmethod 5483 0x0000000119ab8a10 code [0x0000000119ab8bc0, 0x0000000119ab92e8]
Event: 7.980 Thread 0x00007fab84825200 5488       4       java.lang.invoke.VarForm::getMemberName (31 bytes)
Event: 7.981 Thread 0x00007fab84825200 nmethod 5488 0x0000000119ab9590 code [0x0000000119ab9720, 0x0000000119ab9828]
Event: 7.981 Thread 0x00007fab84825200 5494       4       org.springframework.core.annotation.AnnotationFilter::matches (11 bytes)
Event: 7.988 Thread 0x00007fab84825200 nmethod 5494 0x0000000119ab9910 code [0x0000000119ab9ac0, 0x0000000119ab9fe8]
Event: 7.989 Thread 0x00007fab84825200 5491       4       kotlin.jvm.internal.Intrinsics::areEqual (22 bytes)
Event: 7.989 Thread 0x00007fab84825200 nmethod 5491 0x0000000119aba410 code [0x0000000119aba5a0, 0x0000000119aba638]
Event: 7.989 Thread 0x00007fab84825200 5536   !   4       com.intellij.rt.debugger.agent.CaptureAgent$CaptureTransformer::transform (206 bytes)
Event: 8.007 Thread 0x00007fab84825200 nmethod 5536 0x0000000119aba710 code [0x0000000119aba940, 0x0000000119abb7e0]
Event: 31.800 Thread 0x00007fab878d5a00 5544       3       org.bson.BsonDocument::put (40 bytes)

GC Heap History (20 events):
Event: 0.675 GC heap after
{Heap after GC invocations=2 (full 0):
 garbage-first heap   total 266240K, used 9713K [0x0000000700000000, 0x0000000800000000)
  region size 2048K, 1 young (2048K), 1 survivors (2048K)
 Metaspace       used 8709K, committed 8896K, reserved 1064960K
  class space    used 1093K, committed 1152K, reserved 1048576K
}
Event: 1.060 GC heap before
{Heap before GC invocations=2 (full 0):
 garbage-first heap   total 266240K, used 91633K [0x0000000700000000, 0x0000000800000000)
  region size 2048K, 43 young (88064K), 1 survivors (2048K)
 Metaspace       used 21280K, committed 21504K, reserved 1073152K
  class space    used 2578K, committed 2688K, reserved 1048576K
}
Event: 1.063 GC heap after
{Heap after GC invocations=3 (full 0):
 garbage-first heap   total 266240K, used 12388K [0x0000000700000000, 0x0000000800000000)
  region size 2048K, 3 young (6144K), 3 survivors (6144K)
 Metaspace       used 21280K, committed 21504K, reserved 1073152K
  class space    used 2578K, committed 2688K, reserved 1048576K
}
Event: 1.315 GC heap before
{Heap before GC invocations=4 (full 0):
 garbage-first heap   total 69632K, used 53348K [0x0000000700000000, 0x0000000800000000)
  region size 2048K, 24 young (49152K), 3 survivors (6144K)
 Metaspace       used 25332K, committed 25536K, reserved 1073152K
  class space    used 3081K, committed 3200K, reserved 1048576K
}
Event: 1.321 GC heap after
{Heap after GC invocations=5 (full 0):
 garbage-first heap   total 69632K, used 15518K [0x0000000700000000, 0x0000000800000000)
  region size 2048K, 4 young (8192K), 4 survivors (8192K)
 Metaspace       used 25332K, committed 25536K, reserved 1073152K
  class space    used 3081K, committed 3200K, reserved 1048576K
}
Event: 1.592 GC heap before
{Heap before GC invocations=5 (full 0):
 garbage-first heap   total 69632K, used 46238K [0x0000000700000000, 0x0000000800000000)
  region size 2048K, 19 young (38912K), 4 survivors (8192K)
 Metaspace       used 28855K, committed 29056K, reserved 1081344K
  class space    used 3635K, committed 3712K, reserved 1048576K
}
Event: 1.598 GC heap after
{Heap after GC invocations=6 (full 0):
 garbage-first heap   total 69632K, used 16663K [0x0000000700000000, 0x0000000800000000)
  region size 2048K, 1 young (2048K), 1 survivors (2048K)
 Metaspace       used 28855K, committed 29056K, reserved 1081344K
  class space    used 3635K, committed 3712K, reserved 1048576K
}
Event: 1.912 GC heap before
{Heap before GC invocations=6 (full 0):
 garbage-first heap   total 69632K, used 47383K [0x0000000700000000, 0x0000000800000000)
  region size 2048K, 16 young (32768K), 1 survivors (2048K)
 Metaspace       used 32062K, committed 32320K, reserved 1081344K
  class space    used 4074K, committed 4224K, reserved 1048576K
}
Event: 1.915 GC heap after
{Heap after GC invocations=7 (full 0):
 garbage-first heap   total 69632K, used 17214K [0x0000000700000000, 0x0000000800000000)
  region size 2048K, 2 young (4096K), 2 survivors (4096K)
 Metaspace       used 32062K, committed 32320K, reserved 1081344K
  class space    used 4074K, committed 4224K, reserved 1048576K
}
Event: 2.120 GC heap before
{Heap before GC invocations=7 (full 0):
 garbage-first heap   total 69632K, used 35646K [0x0000000700000000, 0x0000000800000000)
  region size 2048K, 12 young (24576K), 2 survivors (4096K)
 Metaspace       used 35764K, committed 36096K, reserved 1081344K
  class space    used 4564K, committed 4736K, reserved 1048576K
}
Event: 2.125 GC heap after
{Heap after GC invocations=8 (full 0):
 garbage-first heap   total 69632K, used 18900K [0x0000000700000000, 0x0000000800000000)
  region size 2048K, 2 young (4096K), 2 survivors (4096K)
 Metaspace       used 35764K, committed 36096K, reserved 1081344K
  class space    used 4564K, committed 4736K, reserved 1048576K
}
Event: 2.342 GC heap before
{Heap before GC invocations=9 (full 0):
 garbage-first heap   total 69632K, used 49620K [0x0000000700000000, 0x0000000800000000)
  region size 2048K, 17 young (34816K), 2 survivors (4096K)
 Metaspace       used 40260K, committed 40576K, reserved 1089536K
  class space    used 5222K, committed 5376K, reserved 1048576K
}
Event: 2.348 GC heap after
{Heap after GC invocations=10 (full 0):
 garbage-first heap   total 69632K, used 19911K [0x0000000700000000, 0x0000000800000000)
  region size 2048K, 2 young (4096K), 2 survivors (4096K)
 Metaspace       used 40260K, committed 40576K, reserved 1089536K
  class space    used 5222K, committed 5376K, reserved 1048576K
}
Event: 2.648 GC heap before
{Heap before GC invocations=11 (full 0):
 garbage-first heap   total 69632K, used 50631K [0x0000000700000000, 0x0000000800000000)
  region size 2048K, 17 young (34816K), 2 survivors (4096K)
 Metaspace       used 43964K, committed 44352K, reserved 1089536K
  class space    used 5800K, committed 6016K, reserved 1048576K
}
Event: 2.656 GC heap after
{Heap after GC invocations=12 (full 0):
 garbage-first heap   total 69632K, used 22737K [0x0000000700000000, 0x0000000800000000)
  region size 2048K, 3 young (6144K), 3 survivors (6144K)
 Metaspace       used 43964K, committed 44352K, reserved 1089536K
  class space    used 5800K, committed 6016K, reserved 1048576K
}
Event: 2.929 GC heap before
{Heap before GC invocations=12 (full 0):
 garbage-first heap   total 69632K, used 49361K [0x0000000700000000, 0x0000000800000000)
  region size 2048K, 16 young (32768K), 3 survivors (6144K)
 Metaspace       used 46625K, committed 47040K, reserved 1097728K
  class space    used 6158K, committed 6336K, reserved 1048576K
}
Event: 2.938 GC heap after
{Heap after GC invocations=13 (full 0):
 garbage-first heap   total 83968K, used 25296K [0x0000000700000000, 0x0000000800000000)
  region size 2048K, 2 young (4096K), 2 survivors (4096K)
 Metaspace       used 46625K, committed 47040K, reserved 1097728K
  class space    used 6158K, committed 6336K, reserved 1048576K
}
Event: 3.346 GC heap before
{Heap before GC invocations=13 (full 0):
 garbage-first heap   total 83968K, used 60112K [0x0000000700000000, 0x0000000800000000)
  region size 2048K, 19 young (38912K), 2 survivors (4096K)
 Metaspace       used 51132K, committed 51584K, reserved 1097728K
  class space    used 6857K, committed 7040K, reserved 1048576K
}
Event: 3.353 GC heap after
{Heap after GC invocations=14 (full 0):
 garbage-first heap   total 83968K, used 27618K [0x0000000700000000, 0x0000000800000000)
  region size 2048K, 3 young (6144K), 3 survivors (6144K)
 Metaspace       used 51132K, committed 51584K, reserved 1097728K
  class space    used 6857K, committed 7040K, reserved 1048576K
}
Event: 31.800 GC heap before
{Heap before GC invocations=14 (full 0):
 garbage-first heap   total 83968K, used 60386K [0x0000000700000000, 0x0000000800000000)
  region size 2048K, 19 young (38912K), 3 survivors (6144K)
 Metaspace       used 56233K, committed 56704K, reserved 1105920K
  class space    used 7604K, committed 7808K, reserved 1048576K
}

Deoptimization events (20 events):
Event: 7.653 Thread 0x00007fab85995400 DEOPT PACKING pc=0x0000000112494f74 sp=0x000070000ddb96f0
Event: 7.653 Thread 0x00007fab85995400 DEOPT UNPACKING pc=0x0000000111e0682f sp=0x000070000ddb8ba8 mode 1
Event: 7.653 Thread 0x00007fab85995400 DEOPT PACKING pc=0x00000001124933dc sp=0x000070000ddb97c0
Event: 7.653 Thread 0x00007fab85995400 DEOPT UNPACKING pc=0x0000000111e0682f sp=0x000070000ddb8c98 mode 1
Event: 7.653 Thread 0x00007fab85995400 DEOPT PACKING pc=0x00000001125337b4 sp=0x000070000ddb9ed0
Event: 7.653 Thread 0x00007fab85995400 DEOPT UNPACKING pc=0x0000000111e0682f sp=0x000070000ddb93e0 mode 1
Event: 7.675 Thread 0x00007fab87b93a00 DEOPT PACKING pc=0x0000000112ca3774 sp=0x000070000e8d9de0
Event: 7.675 Thread 0x00007fab87b93a00 DEOPT UNPACKING pc=0x0000000111e0682f sp=0x000070000e8d92e8 mode 1
Event: 7.759 Thread 0x00007fab87b93a00 Uncommon trap: trap_request=0xffffff45 fr.pc=0x00000001199caa04 relative=0x0000000000003b84
Event: 7.759 Thread 0x00007fab87b93a00 Uncommon trap: reason=unstable_if action=reinterpret pc=0x00000001199caa04 method=java.util.zip.ZipFile.getInputStream(Ljava/util/zip/ZipEntry;)Ljava/io/InputStream; @ 101 c2
Event: 7.759 Thread 0x00007fab87b93a00 DEOPT PACKING pc=0x00000001199caa04 sp=0x000070000e8d96f0
Event: 7.759 Thread 0x00007fab87b93a00 DEOPT UNPACKING pc=0x0000000111e06099 sp=0x000070000e8d9798 mode 2
Event: 7.759 Thread 0x00007fab87b93a00 Uncommon trap: trap_request=0xffffff45 fr.pc=0x00000001198d5e08 relative=0x0000000000000548
Event: 7.759 Thread 0x00007fab87b93a00 Uncommon trap: reason=unstable_if action=reinterpret pc=0x00000001198d5e08 method=java.util.jar.Manifest$FastInputStream.readLine([BII)I @ 106 c2
Event: 7.759 Thread 0x00007fab87b93a00 DEOPT PACKING pc=0x00000001198d5e08 sp=0x000070000e8d9590
Event: 7.759 Thread 0x00007fab87b93a00 DEOPT UNPACKING pc=0x0000000111e06099 sp=0x000070000e8d9530 mode 2
Event: 9.812 Thread 0x00007fab87b93a00 Uncommon trap: trap_request=0xffffff45 fr.pc=0x0000000119a98d30 relative=0x0000000000000750
Event: 9.812 Thread 0x00007fab87b93a00 Uncommon trap: reason=unstable_if action=reinterpret pc=0x0000000119a98d30 method=java.lang.Class.getPackageName()Ljava/lang/String; @ 55 c2
Event: 9.812 Thread 0x00007fab87b93a00 DEOPT PACKING pc=0x0000000119a98d30 sp=0x000070000e8da440
Event: 9.812 Thread 0x00007fab87b93a00 DEOPT UNPACKING pc=0x0000000111e06099 sp=0x000070000e8da430 mode 2

Classes unloaded (0 events):
No events

Classes redefined (0 events):
No events

Internal exceptions (20 events):
Event: 3.302 Thread 0x00007fab86808a00 Exception <a 'java/lang/NoSuchMethodError'{0x00000007031832a8}: 'java.lang.Object java.lang.invoke.DirectMethodHandle$Holder.newInvokeSpecial(java.lang.Object, java.lang.Object, int, java.lang.Object)'> (0x00000007031832a8) 
thrown [src/hotspot/share/interpreter/linkResolver.cpp, line 759]
Event: 3.302 Thread 0x00007fab86808a00 Exception <a 'java/lang/NoSuchMethodError'{0x0000000703186e70}: 'java.lang.Object java.lang.invoke.Invokers$Holder.linkToTargetMethod(java.lang.Object, int, java.lang.Object, java.lang.Object)'> (0x0000000703186e70) 
thrown [src/hotspot/share/interpreter/linkResolver.cpp, line 759]
Event: 3.362 Thread 0x00007fab8900e400 Exception <a 'java/lang/NoSuchMethodError'{0x000000070fe65120}: 'long java.lang.invoke.DirectMethodHandle$Holder.invokeStatic(java.lang.Object, java.lang.Object, java.lang.Object)'> (0x000000070fe65120) 
thrown [src/hotspot/share/interpreter/linkResolver.cpp, line 759]
Event: 3.362 Thread 0x00007fab86808a00 Exception <a 'java/lang/IncompatibleClassChangeError'{0x000000070ff11fa8}: Found class java.lang.Object, but interface was expected> (0x000000070ff11fa8) 
thrown [src/hotspot/share/interpreter/linkResolver.cpp, line 826]
Event: 3.363 Thread 0x00007fab86808a00 Exception <a 'java/lang/IncompatibleClassChangeError'{0x000000070ff19850}: Found class java.lang.Object, but interface was expected> (0x000000070ff19850) 
thrown [src/hotspot/share/interpreter/linkResolver.cpp, line 826]
Event: 7.348 Thread 0x00007fab87b93a00 Exception <a 'java/lang/NoSuchMethodError'{0x000000070a5360b8}: 'void java.lang.invoke.DirectMethodHandle$Holder.invokeStatic(java.lang.Object, int)'> (0x000000070a5360b8) 
thrown [src/hotspot/share/interpreter/linkResolver.cpp, line 759]
Event: 7.349 Thread 0x00007fab87b93a00 Exception <a 'java/lang/NoSuchMethodError'{0x000000070a5397c0}: 'void java.lang.invoke.DirectMethodHandle$Holder.invokeStaticInit(java.lang.Object, int)'> (0x000000070a5397c0) 
thrown [src/hotspot/share/interpreter/linkResolver.cpp, line 759]
Event: 7.350 Thread 0x00007fab87b93a00 Exception <a 'java/lang/NoSuchMethodError'{0x000000070a53f2b0}: 'void java.lang.invoke.DirectMethodHandle$Holder.invokeSpecial(java.lang.Object, java.lang.Object, int)'> (0x000000070a53f2b0) 
thrown [src/hotspot/share/interpreter/linkResolver.cpp, line 759]
Event: 7.387 Thread 0x00007fab87b93a00 Exception <a 'java/lang/NoClassDefFoundError'{0x0000000704069818}: io/micrometer/context/ContextRegistry> (0x0000000704069818) 
thrown [src/hotspot/share/classfile/systemDictionary.cpp, line 245]
Event: 7.469 Thread 0x00007fab87b93a00 Exception <a 'java/lang/NoSuchMethodError'{0x0000000703b3e728}: 'java.lang.Object java.lang.invoke.DirectMethodHandle$Holder.newInvokeSpecial(java.lang.Object, int, java.lang.Object, java.lang.Object)'> (0x0000000703b3e728) 
thrown [src/hotspot/share/interpreter/linkResolver.cpp, line 759]
Event: 7.571 Thread 0x00007fab869b0e00 Implicit null exception at 0x0000000119a969d3 to 0x0000000119a973b8
Event: 7.580 Thread 0x00007fab8a019c00 Exception <a 'java/lang/NoSuchMethodError'{0x0000000703400a50}: 'void java.lang.invoke.DirectMethodHandle$Holder.invokeStatic(java.lang.Object, java.lang.Object, java.lang.Object, java.lang.Object, java.lang.Object, java.lang.Object, java.lang.Object)'> (0x0000000703400a50) 
thrown [src/hotspot/share/interpreter/linkResolver.cpp, line 759]
Event: 7.618 Thread 0x00007fab87b75600 Exception <a 'java/lang/NoSuchMethodError'{0x00000007032c8cd8}: 'int java.lang.invoke.DirectMethodHandle$Holder.invokeSpecialIFC(java.lang.Object, java.lang.Object, java.lang.Object)'> (0x00000007032c8cd8) 
thrown [src/hotspot/share/interpreter/linkResolver.cpp, line 759]
Event: 7.631 Thread 0x00007fab87b75600 Exception <a 'java/lang/NoSuchMethodError'{0x00000007033d7c90}: 'void java.lang.invoke.Invokers$Holder.invoke_MT(java.lang.Object, java.lang.Object, java.lang.Object, java.lang.Object)'> (0x00000007033d7c90) 
thrown [src/hotspot/share/interpreter/linkResolver.cpp, line 759]
Event: 7.632 Thread 0x00007fab87b75600 Exception <a 'java/lang/NoSuchMethodError'{0x00000007033dc700}: 'long java.lang.invoke.DirectMethodHandle$Holder.invokeStatic(java.lang.Object, java.lang.Object, int)'> (0x00000007033dc700) 
thrown [src/hotspot/share/interpreter/linkResolver.cpp, line 759]
Event: 7.633 Thread 0x00007fab87b75600 Exception <a 'java/lang/NoSuchMethodError'{0x00000007033f6690}: 'java.lang.Object java.lang.invoke.DirectMethodHandle$Holder.invokeStatic(java.lang.Object, java.lang.Object, java.lang.Object, java.lang.Object, int)'> (0x00000007033f6690) 
thrown [src/hotspot/share/interpreter/linkResolver.cpp, line 759]
Event: 7.634 Thread 0x00007fab87b75600 Exception <a 'java/lang/NoSuchMethodError'{0x0000000703001d48}: 'void java.lang.invoke.DelegatingMethodHandle$Holder.reinvoke_L(java.lang.Object, java.lang.Object, long)'> (0x0000000703001d48) 
thrown [src/hotspot/share/interpreter/linkResolver.cpp, line 759]
Event: 7.661 Thread 0x00007fab869ee400 Exception <a 'java/lang/NoSuchMethodError'{0x00000007031953c0}: 'java.lang.Object java.lang.invoke.DirectMethodHandle$Holder.newInvokeSpecial(java.lang.Object, java.lang.Object, java.lang.Object, long)'> (0x00000007031953c0) 
thrown [src/hotspot/share/interpreter/linkResolver.cpp, line 759]
Event: 7.661 Thread 0x00007fab869ee400 Exception <a 'java/lang/NoSuchMethodError'{0x0000000703199cb8}: 'java.lang.Object java.lang.invoke.DirectMethodHandle$Holder.invokeSpecial(java.lang.Object, java.lang.Object, java.lang.Object, java.lang.Object, long)'> (0x0000000703199cb8) 
thrown [src/hotspot/share/interpreter/linkResolver.cpp, line 759]
Event: 7.662 Thread 0x00007fab869ee400 Exception <a 'java/lang/NoSuchMethodError'{0x000000070319ddd8}: 'java.lang.Object java.lang.invoke.Invokers$Holder.linkToTargetMethod(java.lang.Object, java.lang.Object, long, java.lang.Object)'> (0x000000070319ddd8) 
thrown [src/hotspot/share/interpreter/linkResolver.cpp, line 759]

VM Operations (20 events):
Event: 11.640 Executing VM operation: get/set locals done
Event: 11.643 Executing VM operation: get/set locals
Event: 11.643 Executing VM operation: get/set locals done
Event: 11.643 Executing VM operation: get/set locals
Event: 11.643 Executing VM operation: get/set locals done
Event: 11.643 Executing VM operation: get/set locals
Event: 11.643 Executing VM operation: get/set locals done
Event: 31.793 Executing VM operation: get/set locals
Event: 31.793 Executing VM operation: get/set locals done
Event: 31.793 Executing VM operation: get/set locals
Event: 31.793 Executing VM operation: get/set locals done
Event: 31.793 Executing VM operation: get/set locals
Event: 31.793 Executing VM operation: get/set locals done
Event: 31.796 Executing VM operation: get/set locals
Event: 31.796 Executing VM operation: get/set locals done
Event: 31.796 Executing VM operation: get/set locals
Event: 31.796 Executing VM operation: get/set locals done
Event: 31.796 Executing VM operation: get/set locals
Event: 31.796 Executing VM operation: get/set locals done
Event: 31.800 Executing VM operation: G1CollectForAllocation

Events (20 events):
Event: 7.678 loading class org/springframework/data/mongodb/MongoExpression
Event: 7.678 loading class org/springframework/data/mongodb/MongoExpression done
Event: 7.679 loading class com/mongodb/BasicDBList
Event: 7.679 loading class com/mongodb/BasicDBList done
Event: 7.679 loading class org/bson/types/BasicBSONList
Event: 7.679 loading class org/bson/types/BasicBSONList done
Event: 7.679 loading class org/springframework/data/convert/CustomConversions$ConversionTargetsCache$AbsentTargetTypeMarker
Event: 7.679 loading class org/springframework/data/convert/CustomConversions$ConversionTargetsCache$AbsentTargetTypeMarker done
Event: 7.679 loading class java/util/AbstractMap$SimpleEntry
Event: 7.679 loading class java/util/AbstractMap$SimpleEntry done
Event: 7.680 loading class org/springframework/data/mongodb/core/ReactiveMongoTemplate$ProjectingReadCallback
Event: 7.680 loading class org/springframework/data/mongodb/core/ReactiveMongoTemplate$ProjectingReadCallback done
Event: 7.680 loading class org/springframework/data/convert/DtoInstantiatingConverter
Event: 7.680 loading class org/springframework/data/convert/DtoInstantiatingConverter done
Event: 7.681 loading class org/bson/codecs/BsonDocumentWrapperCodec
Event: 7.681 loading class org/bson/codecs/BsonDocumentWrapperCodec done
Event: 7.758 loading class com/intellij/rt/debugger/BatchEvaluatorServer
Event: 7.758 loading class com/intellij/rt/debugger/BatchEvaluatorServer done
Event: 7.950 loading class java/io/DataOutputStream
Event: 7.950 loading class java/io/DataOutputStream done


Dynamic libraries:
0x00000001080d2000 	/Users/raulcarlinpaschoal/.sdkman/candidates/java/17.0.4-amzn/lib/libjli.dylib
0x00007ff824928000 	/usr/lib/libz.1.dylib
0x00007ff824a0c000 	/usr/lib/libSystem.B.dylib
0x00007ff824a07000 	/usr/lib/system/libcache.dylib
0x00007ff8249c2000 	/usr/lib/system/libcommonCrypto.dylib
0x00007ff8249eb000 	/usr/lib/system/libcompiler_rt.dylib
0x00007ff8249e1000 	/usr/lib/system/libcopyfile.dylib
0x00007ff818b26000 	/usr/lib/system/libcorecrypto.dylib
0x00007ff818bea000 	/usr/lib/system/libdispatch.dylib
0x00007ff818d72000 	/usr/lib/system/libdyld.dylib
0x00007ff8249fd000 	/usr/lib/system/libkeymgr.dylib
0x00007ff8249a1000 	/usr/lib/system/libmacho.dylib
0x00007ff823f8b000 	/usr/lib/system/libquarantine.dylib
0x00007ff8249fb000 	/usr/lib/system/libremovefile.dylib
0x00007ff81da2f000 	/usr/lib/system/libsystem_asl.dylib
0x00007ff818ac8000 	/usr/lib/system/libsystem_blocks.dylib
0x00007ff818c34000 	/usr/lib/system/libsystem_c.dylib
0x00007ff8249f3000 	/usr/lib/system/libsystem_collections.dylib
0x00007ff82321a000 	/usr/lib/system/libsystem_configuration.dylib
0x00007ff82228f000 	/usr/lib/system/libsystem_containermanager.dylib
0x00007ff824669000 	/usr/lib/system/libsystem_coreservices.dylib
0x00007ff81bab0000 	/usr/lib/system/libsystem_darwin.dylib
0x00007ff8249fe000 	/usr/lib/system/libsystem_dnssd.dylib
0x00007ff818c31000 	/usr/lib/system/libsystem_featureflags.dylib
0x00007ff818d9d000 	/usr/lib/system/libsystem_info.dylib
0x00007ff82493b000 	/usr/lib/system/libsystem_m.dylib
0x00007ff818bbd000 	/usr/lib/system/libsystem_malloc.dylib
0x00007ff81d9be000 	/usr/lib/system/libsystem_networkextension.dylib
0x00007ff81bef5000 	/usr/lib/system/libsystem_notify.dylib
0x00007ff82321e000 	/usr/lib/system/libsystem_sandbox.dylib
0x00007ff8249f8000 	/usr/lib/system/libsystem_secinit.dylib
0x00007ff818d2c000 	/usr/lib/system/libsystem_kernel.dylib
0x00007ff818d93000 	/usr/lib/system/libsystem_platform.dylib
0x00007ff818d66000 	/usr/lib/system/libsystem_pthread.dylib
0x00007ff81f387000 	/usr/lib/system/libsystem_symptoms.dylib
0x00007ff818b0c000 	/usr/lib/system/libsystem_trace.dylib
0x00007ff8249ce000 	/usr/lib/system/libunwind.dylib
0x00007ff818acc000 	/usr/lib/system/libxpc.dylib
0x00007ff818d16000 	/usr/lib/libc++abi.dylib
0x00007ff8189f7000 	/usr/lib/libobjc.A.dylib
0x00007ff8249d9000 	/usr/lib/liboah.dylib
0x00007ff818cbd000 	/usr/lib/libc++.1.dylib
0x00007ff830d90000 	/System/Library/Frameworks/Cocoa.framework/Versions/A/Cocoa
0x00007ff81bf54000 	/System/Library/Frameworks/AppKit.framework/Versions/C/AppKit
0x00007ff81eb0d000 	/System/Library/Frameworks/CoreData.framework/Versions/A/CoreData
0x00007ff819c41000 	/System/Library/Frameworks/Foundation.framework/Versions/C/Foundation
0x00007ff81cf5c000 	/System/Library/PrivateFrameworks/UIFoundation.framework/Versions/A/UIFoundation
0x00007ffb1a668000 	/System/Library/PrivateFrameworks/CollectionViewCore.framework/Versions/A/CollectionViewCore
0x00007ff82ad8f000 	/System/Library/PrivateFrameworks/RemoteViewServices.framework/Versions/A/RemoteViewServices
0x00007ff822a67000 	/System/Library/PrivateFrameworks/XCTTargetBootstrap.framework/Versions/A/XCTTargetBootstrap
0x00007ff82687b000 	/System/Library/PrivateFrameworks/InternationalSupport.framework/Versions/A/InternationalSupport
0x00007ff826904000 	/System/Library/PrivateFrameworks/UserActivity.framework/Versions/A/UserActivity
0x00007ffb308ce000 	/System/Library/PrivateFrameworks/WindowManagement.framework/Versions/A/WindowManagement
0x00007ff81992d000 	/System/Library/Frameworks/SystemConfiguration.framework/Versions/A/SystemConfiguration
0x00007ff825c74000 	/usr/lib/libspindump.dylib
0x00007ff81d12a000 	/System/Library/Frameworks/UniformTypeIdentifiers.framework/Versions/A/UniformTypeIdentifiers
0x00007ff820f47000 	/usr/lib/libapp_launch_measurement.dylib
0x00007ff8200ce000 	/System/Library/PrivateFrameworks/CoreAnalytics.framework/Versions/A/CoreAnalytics
0x00007ff820f4a000 	/System/Library/PrivateFrameworks/CoreAutoLayout.framework/Versions/A/CoreAutoLayout
0x00007ff8222db000 	/System/Library/Frameworks/Metal.framework/Versions/A/Metal
0x00007ff823229000 	/usr/lib/liblangid.dylib
0x00007ff822a6c000 	/System/Library/PrivateFrameworks/CoreSVG.framework/Versions/A/CoreSVG
0x00007ff81da61000 	/System/Library/PrivateFrameworks/SkyLight.framework/Versions/A/SkyLight
0x00007ff81de4b000 	/System/Library/Frameworks/CoreGraphics.framework/Versions/A/CoreGraphics
0x00007ff82b461000 	/System/Library/Frameworks/Accelerate.framework/Versions/A/Accelerate
0x00007ff8256e9000 	/System/Library/PrivateFrameworks/IconServices.framework/Versions/A/IconServices
0x00007ff8222be000 	/System/Library/Frameworks/IOSurface.framework/Versions/A/IOSurface
0x00007ff8200f8000 	/usr/lib/libDiagnosticMessagesClient.dylib
0x00007ff82e9a9000 	/System/Library/Frameworks/ApplicationServices.framework/Versions/A/ApplicationServices
0x00007ff822a53000 	/System/Library/PrivateFrameworks/DFRFoundation.framework/Versions/A/DFRFoundation
0x00007ff81b81c000 	/usr/lib/libicucore.A.dylib
0x00007ff82771d000 	/System/Library/Frameworks/AudioToolbox.framework/Versions/A/AudioToolbox
0x00007ff826886000 	/System/Library/PrivateFrameworks/DataDetectorsCore.framework/Versions/A/DataDetectorsCore
0x00007ff91dee9000 	/System/Library/PrivateFrameworks/TextInput.framework/Versions/A/TextInput
0x00007ff81d9d6000 	/usr/lib/libMobileGestalt.dylib
0x00007ff82275b000 	/System/Library/Frameworks/Carbon.framework/Versions/A/Frameworks/HIToolbox.framework/Versions/A/HIToolbox
0x00007ff8208e9000 	/System/Library/Frameworks/QuartzCore.framework/Versions/A/QuartzCore
0x00007ff81b49b000 	/System/Library/Frameworks/Security.framework/Versions/A/Security
0x00007ff82adc7000 	/System/Library/Frameworks/Carbon.framework/Versions/A/Frameworks/SpeechRecognition.framework/Versions/A/SpeechRecognition
0x00007ff820c87000 	/System/Library/PrivateFrameworks/CoreUI.framework/Versions/A/CoreUI
0x00007ff81ad7d000 	/System/Library/Frameworks/CoreAudio.framework/Versions/A/CoreAudio
0x00007ff8201d2000 	/System/Library/Frameworks/DiskArbitration.framework/Versions/A/DiskArbitration
0x00007ff826095000 	/System/Library/PrivateFrameworks/MultitouchSupport.framework/Versions/A/MultitouchSupport
0x00007ff81d9d5000 	/usr/lib/libenergytrace.dylib
0x00007ff81be36000 	/System/Library/Frameworks/IOKit.framework/Versions/A/IOKit
0x00007ff82b1c0000 	/System/Library/Frameworks/CoreServices.framework/Versions/A/CoreServices
0x00007ff820edf000 	/System/Library/PrivateFrameworks/PerformanceAnalysis.framework/Versions/A/PerformanceAnalysis
0x00007ffa2e415000 	/System/Library/Frameworks/OpenGL.framework/Versions/A/OpenGL
0x00007ff820f92000 	/usr/lib/libxml2.2.dylib
0x00007ff823e9e000 	/System/Library/PrivateFrameworks/MobileKeyBag.framework/Versions/A/MobileKeyBag
0x00007ff81e56f000 	/System/Library/Frameworks/ColorSync.framework/Versions/A/ColorSync
0x00007ff818dc8000 	/System/Library/Frameworks/CoreFoundation.framework/Versions/A/CoreFoundation
0x00007ff822e06000 	/System/Library/Frameworks/CoreImage.framework/Versions/A/CoreImage
0x00007ff81ab8e000 	/System/Library/Frameworks/CoreText.framework/Versions/A/CoreText
0x00007ff822aa7000 	/System/Library/Frameworks/ImageIO.framework/Versions/A/ImageIO
0x00007ff824a12000 	/System/Library/PrivateFrameworks/SoftLinking.framework/Versions/A/SoftLinking
0x00007ff824c94000 	/usr/lib/libcompression.dylib
0x00007ff8267ad000 	/System/Library/PrivateFrameworks/TextureIO.framework/Versions/A/TextureIO
0x00007ff8253b2000 	/usr/lib/libate.dylib
0x00007ff825160000 	/usr/lib/liblzma.5.dylib
0x00007ff824a0e000 	/usr/lib/libfakelink.dylib
0x00007ff81d618000 	/System/Library/Frameworks/CFNetwork.framework/Versions/A/CFNetwork
0x00007ff824b4b000 	/usr/lib/libarchive.2.dylib
0x00007ff829068000 	/System/Library/Frameworks/Combine.framework/Versions/A/Combine
0x00007ff827195000 	/usr/lib/swift/libswiftCore.dylib
0x00007ff91af35000 	/usr/lib/swift/libswiftCoreFoundation.dylib
0x00007ff918f0e000 	/usr/lib/swift/libswiftDarwin.dylib
0x00007ff82c9dd000 	/usr/lib/swift/libswiftDispatch.dylib
0x00007ff91af51000 	/usr/lib/swift/libswiftIOKit.dylib
0x00007ff82edde000 	/usr/lib/swift/libswiftObjectiveC.dylib
0x00007ff91af46000 	/usr/lib/swift/libswiftXPC.dylib
0x00007ffb371a3000 	/usr/lib/swift/libswift_Concurrency.dylib
0x00007ffb372e2000 	/usr/lib/swift/libswift_StringProcessing.dylib
0x00007ff82ede2000 	/usr/lib/swift/libswiftos.dylib
0x00007ff81bdb7000 	/System/Library/PrivateFrameworks/CoreServicesInternal.framework/Versions/A/CoreServicesInternal
0x00007ff823fb2000 	/usr/lib/libbsm.0.dylib
0x00007ff8249a6000 	/usr/lib/system/libkxld.dylib
0x00007ff820f13000 	/System/Library/Frameworks/CoreServices.framework/Versions/A/Frameworks/FSEvents.framework/Versions/A/FSEvents
0x00007ff81babb000 	/System/Library/Frameworks/CoreServices.framework/Versions/A/Frameworks/CarbonCore.framework/Versions/A/CarbonCore
0x00007ff82013b000 	/System/Library/Frameworks/CoreServices.framework/Versions/A/Frameworks/Metadata.framework/Versions/A/Metadata
0x00007ff82466f000 	/System/Library/Frameworks/CoreServices.framework/Versions/A/Frameworks/OSServices.framework/Versions/A/OSServices
0x00007ff824bd3000 	/System/Library/Frameworks/CoreServices.framework/Versions/A/Frameworks/SearchKit.framework/Versions/A/SearchKit
0x00007ff81f30e000 	/System/Library/Frameworks/CoreServices.framework/Versions/A/Frameworks/AE.framework/Versions/A/AE
0x00007ff819262000 	/System/Library/Frameworks/CoreServices.framework/Versions/A/Frameworks/LaunchServices.framework/Versions/A/LaunchServices
0x00007ff825111000 	/System/Library/Frameworks/CoreServices.framework/Versions/A/Frameworks/DictionaryServices.framework/Versions/A/DictionaryServices
0x00007ff820f20000 	/System/Library/Frameworks/CoreServices.framework/Versions/A/Frameworks/SharedFileList.framework/Versions/A/SharedFileList
0x00007ff824c5f000 	/usr/lib/libapple_nghttp2.dylib
0x00007ff81d614000 	/usr/lib/libnetwork.dylib
0x00007ff81ef86000 	/usr/lib/libsqlite3.dylib
0x00007ff81f38f000 	/System/Library/Frameworks/Network.framework/Versions/A/Network
0x00007ffb36192000 	/usr/lib/libCoreEntitlements.dylib
0x00007ffb23b23000 	/System/Library/PrivateFrameworks/MessageSecurity.framework/Versions/A/MessageSecurity
0x00007ff81ef6d000 	/System/Library/PrivateFrameworks/ProtocolBuffer.framework/Versions/A/ProtocolBuffer
0x00007ff824649000 	/System/Library/PrivateFrameworks/AppleFSCompression.framework/Versions/A/AppleFSCompression
0x00007ff823f9a000 	/usr/lib/libcoretls.dylib
0x00007ff82517a000 	/usr/lib/libcoretls_cfhelpers.dylib
0x00007ff824c8e000 	/usr/lib/libpam.2.dylib
0x00007ff8251e7000 	/usr/lib/libxar.1.dylib
0x00007ff8256c5000 	/usr/lib/libheimdal-asn1.dylib
0x00007ff824a13000 	/usr/lib/libpcap.A.dylib
0x00007ff81f37e000 	/usr/lib/libdns_services.dylib
0x00007ff823225000 	/System/Library/PrivateFrameworks/AppleSystemInfo.framework/Versions/A/AppleSystemInfo
0x00007ff823ca7000 	/System/Library/PrivateFrameworks/IOMobileFramebuffer.framework/Versions/A/IOMobileFramebuffer
0x00007ff824659000 	/usr/lib/libbz2.1.0.dylib
0x00007ff823f8e000 	/usr/lib/libCheckFix.dylib
0x00007ff81da46000 	/System/Library/PrivateFrameworks/TCC.framework/Versions/A/TCC
0x00007ff82322b000 	/System/Library/PrivateFrameworks/CoreNLP.framework/Versions/A/CoreNLP
0x00007ff8200fa000 	/System/Library/PrivateFrameworks/MetadataUtilities.framework/Versions/A/MetadataUtilities
0x00007ff823fc2000 	/usr/lib/libmecab.dylib
0x00007ff8199ac000 	/usr/lib/libCRFSuite.dylib
0x00007ff82401c000 	/usr/lib/libgermantok.dylib
0x00007ff824c3a000 	/usr/lib/libThaiTokenizer.dylib
0x00007ff8201da000 	/System/Library/Frameworks/Accelerate.framework/Versions/A/Frameworks/vImage.framework/Versions/A/vImage
0x00007ff82b193000 	/System/Library/Frameworks/Accelerate.framework/Versions/A/Frameworks/vecLib.framework/Versions/A/vecLib
0x00007ff825229000 	/System/Library/Frameworks/Accelerate.framework/Versions/A/Frameworks/vecLib.framework/Versions/A/libvMisc.dylib
0x00007ff823acc000 	/System/Library/Frameworks/Accelerate.framework/Versions/A/Frameworks/vecLib.framework/Versions/A/libvDSP.dylib
0x00007ff81961e000 	/System/Library/Frameworks/Accelerate.framework/Versions/A/Frameworks/vecLib.framework/Versions/A/libBLAS.dylib
0x00007ff824d72000 	/System/Library/Frameworks/Accelerate.framework/Versions/A/Frameworks/vecLib.framework/Versions/A/libLAPACK.dylib
0x00007ff82401f000 	/System/Library/Frameworks/Accelerate.framework/Versions/A/Frameworks/vecLib.framework/Versions/A/libLinearAlgebra.dylib
0x00007ff824c77000 	/System/Library/Frameworks/Accelerate.framework/Versions/A/Frameworks/vecLib.framework/Versions/A/libSparseBLAS.dylib
0x00007ff824d6c000 	/System/Library/Frameworks/Accelerate.framework/Versions/A/Frameworks/vecLib.framework/Versions/A/libQuadrature.dylib
0x00007ff823317000 	/System/Library/Frameworks/Accelerate.framework/Versions/A/Frameworks/vecLib.framework/Versions/A/libBNNS.dylib
0x00007ff8198b6000 	/System/Library/Frameworks/Accelerate.framework/Versions/A/Frameworks/vecLib.framework/Versions/A/libSparse.dylib
0x00007ffb22e22000 	/System/Library/PrivateFrameworks/MIL.framework/Versions/A/MIL
0x00007ff824a48000 	/usr/lib/libiconv.2.dylib
0x00007ff8249a0000 	/usr/lib/libcharset.1.dylib
0x00007ff820ef7000 	/System/Library/Frameworks/OpenDirectory.framework/Versions/A/Frameworks/CFOpenDirectory.framework/Versions/A/CFOpenDirectory
0x00007ff820eeb000 	/System/Library/Frameworks/OpenDirectory.framework/Versions/A/OpenDirectory
0x00007ff82517c000 	/System/Library/PrivateFrameworks/APFS.framework/Versions/A/APFS
0x00007ff823ed1000 	/System/Library/Frameworks/SecurityFoundation.framework/Versions/A/SecurityFoundation
0x00007ff8251f5000 	/usr/lib/libutil.dylib
0x00007ffb21fc0000 	/System/Library/PrivateFrameworks/InstalledContentLibrary.framework/Versions/A/InstalledContentLibrary
0x00007ff81bdfa000 	/System/Library/PrivateFrameworks/CoreServicesStore.framework/Versions/A/CoreServicesStore
0x00007ffb19227000 	/System/Library/PrivateFrameworks/AppleMobileFileIntegrity.framework/Versions/A/AppleMobileFileIntegrity
0x00007ff91af15000 	/usr/lib/libmis.dylib
0x00007ff929508000 	/System/Library/PrivateFrameworks/MobileSystemServices.framework/Versions/A/MobileSystemServices
0x00007ffa23749000 	/System/Library/PrivateFrameworks/ConfigProfileHelper.framework/Versions/A/ConfigProfileHelper
0x00007ff824c3c000 	/System/Library/PrivateFrameworks/AppleSauce.framework/Versions/A/AppleSauce
0x00007ff81a653000 	/System/Library/PrivateFrameworks/LanguageModeling.framework/Versions/A/LanguageModeling
0x00007ff8251f9000 	/usr/lib/libxslt.1.dylib
0x00007ff824b3a000 	/usr/lib/libcmph.dylib
0x00007ff823c95000 	/System/Library/PrivateFrameworks/CoreEmoji.framework/Versions/A/CoreEmoji
0x00007ff823311000 	/System/Library/PrivateFrameworks/LinguisticData.framework/Versions/A/LinguisticData
0x00007ff81986c000 	/System/Library/PrivateFrameworks/Lexicon.framework/Versions/A/Lexicon
0x00007ff823f5f000 	/System/Library/PrivateFrameworks/BackgroundTaskManagement.framework/Versions/A/BackgroundTaskManagement
0x00007ffb362c8000 	/usr/lib/libTLE.dylib
0x00007ffb37227000 	/usr/lib/swift/libswift_RegexParser.dylib
0x00007ff825f5b000 	/System/Library/PrivateFrameworks/AppleJPEG.framework/Versions/A/AppleJPEG
0x00007ff8256aa000 	/usr/lib/libexpat.1.dylib
0x00007ff826609000 	/System/Library/Frameworks/ImageIO.framework/Versions/A/Resources/libPng.dylib
0x00007ff826636000 	/System/Library/Frameworks/ImageIO.framework/Versions/A/Resources/libTIFF.dylib
0x00007ff826727000 	/System/Library/Frameworks/ImageIO.framework/Versions/A/Resources/libGIF.dylib
0x00007ff825fa6000 	/System/Library/Frameworks/ImageIO.framework/Versions/A/Resources/libJP2.dylib
0x00007ff8266c7000 	/System/Library/Frameworks/ImageIO.framework/Versions/A/Resources/libJPEG.dylib
0x00007ff8266be000 	/System/Library/Frameworks/ImageIO.framework/Versions/A/Resources/libRadiance.dylib
0x00007ff8225f1000 	/System/Library/PrivateFrameworks/FontServices.framework/libFontParser.dylib
0x00007ff81f2b3000 	/System/Library/PrivateFrameworks/RunningBoardServices.framework/Versions/A/RunningBoardServices
0x00007ff8313cd000 	/System/Library/PrivateFrameworks/IOSurfaceAccelerator.framework/Versions/A/IOSurfaceAccelerator
0x00007ff826091000 	/System/Library/PrivateFrameworks/WatchdogClient.framework/Versions/A/WatchdogClient
0x00007ff81a7b5000 	/System/Library/Frameworks/CoreDisplay.framework/Versions/A/CoreDisplay
0x00007ff8224e0000 	/System/Library/Frameworks/CoreMedia.framework/Versions/A/CoreMedia
0x00007ff8222d2000 	/System/Library/PrivateFrameworks/IOAccelerator.framework/Versions/A/IOAccelerator
0x00007ff821071000 	/System/Library/Frameworks/CoreVideo.framework/Versions/A/CoreVideo
0x00007ff824c8c000 	/System/Library/Frameworks/MetalPerformanceShaders.framework/Versions/A/MetalPerformanceShaders
0x00007ff8260ce000 	/System/Library/Frameworks/VideoToolbox.framework/Versions/A/VideoToolbox
0x00007ff81f1f7000 	/System/Library/PrivateFrameworks/BaseBoard.framework/Versions/A/BaseBoard
0x00007ff8266b7000 	/System/Library/PrivateFrameworks/GPUWrangler.framework/Versions/A/GPUWrangler
0x00007ff82669b000 	/System/Library/PrivateFrameworks/IOPresentment.framework/Versions/A/IOPresentment
0x00007ff8266c1000 	/System/Library/PrivateFrameworks/DSExternalDisplay.framework/Versions/A/DSExternalDisplay
0x00007ffb1e654000 	/System/Library/PrivateFrameworks/GPUCompiler.framework/Versions/31001/Libraries/libllvm-flatbuffers.dylib
0x00007ffa2e409000 	/System/Library/Frameworks/OpenGL.framework/Versions/A/Libraries/libCoreFSCache.dylib
0x00007ffb1e650000 	/System/Library/PrivateFrameworks/GPUCompiler.framework/Versions/31001/Libraries/libGPUCompilerUtils.dylib
0x00007ff82672d000 	/System/Library/PrivateFrameworks/CMCaptureCore.framework/Versions/A/CMCaptureCore
0x00007ffa333e8000 	/System/Library/Frameworks/ExtensionFoundation.framework/Versions/A/ExtensionFoundation
0x00007ff82d159000 	/System/Library/PrivateFrameworks/CoreTime.framework/Versions/A/CoreTime
0x00007ff825c5e000 	/System/Library/PrivateFrameworks/AppServerSupport.framework/Versions/A/AppServerSupport
0x00007ff827fe8000 	/System/Library/PrivateFrameworks/perfdata.framework/Versions/A/perfdata
0x00007ff81a8e1000 	/System/Library/PrivateFrameworks/AudioToolboxCore.framework/Versions/A/AudioToolboxCore
0x00007ff8224ba000 	/System/Library/PrivateFrameworks/caulk.framework/Versions/A/caulk
0x00007ff8278b5000 	/usr/lib/libAudioStatistics.dylib
0x00007ff91a3b1000 	/System/Library/PrivateFrameworks/SystemPolicy.framework/Versions/A/SystemPolicy
0x00007ff827b53000 	/usr/lib/libSMC.dylib
0x00007ff830c35000 	/System/Library/Frameworks/CoreMIDI.framework/Versions/A/CoreMIDI
0x00007ff8265d7000 	/usr/lib/libAudioToolboxUtility.dylib
0x00007ff836158000 	/System/Library/PrivateFrameworks/OSAServicesClient.framework/Versions/A/OSAServicesClient
0x00007ff827ff5000 	/usr/lib/libperfcheck.dylib
0x00007ff82558e000 	/System/Library/PrivateFrameworks/PlugInKit.framework/Versions/A/PlugInKit
0x00007ff823ec4000 	/System/Library/PrivateFrameworks/AssertionServices.framework/Versions/A/AssertionServices
0x00007ffa2e464000 	/System/Library/Frameworks/OpenGL.framework/Versions/A/Libraries/libGLU.dylib
0x00007ffa2e428000 	/System/Library/Frameworks/OpenGL.framework/Versions/A/Libraries/libGFXShared.dylib
0x00007ffa2e631000 	/System/Library/Frameworks/OpenGL.framework/Versions/A/Libraries/libGL.dylib
0x00007ffa2e431000 	/System/Library/Frameworks/OpenGL.framework/Versions/A/Libraries/libGLImage.dylib
0x00007ffa2e425000 	/System/Library/Frameworks/OpenGL.framework/Versions/A/Libraries/libCVMSPluginSupport.dylib
0x00007ffb362a7000 	/usr/lib/libRosetta.dylib
0x00007ffa2e410000 	/System/Library/Frameworks/OpenGL.framework/Versions/A/Libraries/libCoreVMClient.dylib
0x00007ff82319e000 	/System/Library/Frameworks/MetalPerformanceShaders.framework/Versions/A/Frameworks/MPSCore.framework/Versions/A/MPSCore
0x00007ff8245b3000 	/System/Library/Frameworks/MetalPerformanceShaders.framework/Versions/A/Frameworks/MPSImage.framework/Versions/A/MPSImage
0x00007ff824035000 	/System/Library/Frameworks/MetalPerformanceShaders.framework/Versions/A/Frameworks/MPSNeuralNetwork.framework/Versions/A/MPSNeuralNetwork
0x00007ff8244a8000 	/System/Library/Frameworks/MetalPerformanceShaders.framework/Versions/A/Frameworks/MPSMatrix.framework/Versions/A/MPSMatrix
0x00007ff824263000 	/System/Library/Frameworks/MetalPerformanceShaders.framework/Versions/A/Frameworks/MPSRayIntersector.framework/Versions/A/MPSRayIntersector
0x00007ff8244e2000 	/System/Library/Frameworks/MetalPerformanceShaders.framework/Versions/A/Frameworks/MPSNDArray.framework/Versions/A/MPSNDArray
0x00007ffa34753000 	/System/Library/Frameworks/MetalPerformanceShaders.framework/Versions/A/Frameworks/MPSFunctions.framework/Versions/A/MPSFunctions
0x00007ff8194df000 	/System/Library/PrivateFrameworks/MetalTools.framework/Versions/A/MetalTools
0x00007ff823224000 	/System/Library/PrivateFrameworks/AggregateDictionary.framework/Versions/A/AggregateDictionary
0x00007ff825449000 	/usr/lib/libIOReport.dylib
0x00007ffa2fa14000 	/System/Library/Frameworks/OpenCL.framework/Versions/A/OpenCL
0x00007ff8257f0000 	/System/Library/PrivateFrameworks/GraphVisualizer.framework/Versions/A/GraphVisualizer
0x00007ffb1e555000 	/System/Library/PrivateFrameworks/FontServices.framework/Versions/A/FontServices
0x00007ff825c19000 	/System/Library/PrivateFrameworks/OTSVG.framework/Versions/A/OTSVG
0x00007ff820c3b000 	/System/Library/Frameworks/ApplicationServices.framework/Versions/A/Frameworks/ATS.framework/Versions/A/Resources/libFontRegistry.dylib
0x00007ff825c68000 	/System/Library/PrivateFrameworks/FontServices.framework/libhvf.dylib
0x00007ffb1e556000 	/System/Library/PrivateFrameworks/FontServices.framework/libXTFontStaticRegistryData.dylib
0x00007ffb2f787000 	/System/Library/PrivateFrameworks/VideoToolboxParavirtualizationSupport.framework/Versions/A/VideoToolboxParavirtualizationSupport
0x00007ff82565a000 	/System/Library/PrivateFrameworks/AppleVA.framework/Versions/A/AppleVA
0x00007ff8278f5000 	/System/Library/Frameworks/ApplicationServices.framework/Versions/A/Frameworks/ATS.framework/Versions/A/ATS
0x00007ff81e65f000 	/System/Library/Frameworks/ApplicationServices.framework/Versions/A/Frameworks/HIServices.framework/Versions/A/HIServices
0x00007ff826739000 	/System/Library/Frameworks/ApplicationServices.framework/Versions/A/Frameworks/PrintCore.framework/Versions/A/PrintCore
0x00007ff827ca8000 	/System/Library/Frameworks/ApplicationServices.framework/Versions/A/Frameworks/QD.framework/Versions/A/QD
0x00007ff827ca0000 	/System/Library/Frameworks/ApplicationServices.framework/Versions/A/Frameworks/ColorSyncLegacy.framework/Versions/A/ColorSyncLegacy
0x00007ff8278c9000 	/System/Library/Frameworks/ApplicationServices.framework/Versions/A/Frameworks/SpeechSynthesis.framework/Versions/A/SpeechSynthesis
0x00007ff8266f7000 	/System/Library/Frameworks/ApplicationServices.framework/Versions/A/Frameworks/ATSUI.framework/Versions/A/ATSUI
0x00007ff827c33000 	/usr/lib/libcups.2.dylib
0x00007ff828004000 	/System/Library/Frameworks/Kerberos.framework/Versions/A/Kerberos
0x00007ff828013000 	/System/Library/Frameworks/GSS.framework/Versions/A/GSS
0x00007ff827963000 	/usr/lib/libresolv.9.dylib
0x00007ff825c79000 	/System/Library/PrivateFrameworks/Heimdal.framework/Versions/A/Heimdal
0x00007ff82ed61000 	/System/Library/Frameworks/Kerberos.framework/Versions/A/Libraries/libHeimdalProxy.dylib
0x00007ff82805e000 	/System/Library/PrivateFrameworks/CommonAuth.framework/Versions/A/CommonAuth
0x00007ffa326be000 	/System/Library/Frameworks/AVFAudio.framework/Versions/A/AVFAudio
0x00007ff8361a1000 	/System/Library/PrivateFrameworks/AXCoreUtilities.framework/Versions/A/AXCoreUtilities
0x00007ff827845000 	/System/Library/PrivateFrameworks/AudioSession.framework/Versions/A/AudioSession
0x00007ff828e3f000 	/System/Library/Frameworks/IOBluetooth.framework/Versions/A/IOBluetooth
0x00007ff825760000 	/System/Library/PrivateFrameworks/MediaExperience.framework/Versions/A/MediaExperience
0x00007ff8276ec000 	/System/Library/PrivateFrameworks/AudioSession.framework/libSessionUtility.dylib
0x00007ff827cb4000 	/System/Library/PrivateFrameworks/AudioResourceArbitration.framework/Versions/A/AudioResourceArbitration
0x00007ff82bd98000 	/System/Library/PrivateFrameworks/PowerLog.framework/Versions/A/PowerLog
0x00007ff82bcda000 	/System/Library/Frameworks/CoreBluetooth.framework/Versions/A/CoreBluetooth
0x00007ff82ed62000 	/System/Library/Frameworks/AudioUnit.framework/Versions/A/AudioUnit
0x00007ff823d2e000 	/System/Library/PrivateFrameworks/CoreUtils.framework/Versions/A/CoreUtils
0x00007ffb1d106000 	/System/Library/PrivateFrameworks/CoreUtilsExtras.framework/Versions/A/CoreUtilsExtras
0x00007ffb21e57000 	/System/Library/PrivateFrameworks/IO80211.framework/Versions/A/IO80211
0x00007ff8256ce000 	/System/Library/PrivateFrameworks/IconFoundation.framework/Versions/A/IconFoundation
0x00007ff82adb7000 	/System/Library/PrivateFrameworks/SpeechRecognitionCore.framework/Versions/A/SpeechRecognitionCore
0x0000000109224000 	/Users/raulcarlinpaschoal/.sdkman/candidates/java/17.0.4-amzn/lib/server/libjvm.dylib
0x0000000108089000 	/Users/raulcarlinpaschoal/.sdkman/candidates/java/17.0.4-amzn/lib/libjimage.dylib
0x0000000108141000 	/Users/raulcarlinpaschoal/.sdkman/candidates/java/17.0.4-amzn/lib/libjdwp.dylib
0x0000000108185000 	/Users/raulcarlinpaschoal/.sdkman/candidates/java/17.0.4-amzn/lib/libjava.dylib
0x00000001080fd000 	/Users/raulcarlinpaschoal/.sdkman/candidates/java/17.0.4-amzn/lib/libinstrument.dylib
0x0000000108111000 	/Users/raulcarlinpaschoal/.sdkman/candidates/java/17.0.4-amzn/lib/libzip.dylib
0x0000000108c50000 	/Users/raulcarlinpaschoal/.sdkman/candidates/java/17.0.4-amzn/lib/libdt_socket.dylib
0x0000000108c7b000 	/Users/raulcarlinpaschoal/.sdkman/candidates/java/17.0.4-amzn/lib/libnio.dylib
0x0000000108cb5000 	/Users/raulcarlinpaschoal/.sdkman/candidates/java/17.0.4-amzn/lib/libnet.dylib
0x0000000108c60000 	/Users/raulcarlinpaschoal/.sdkman/candidates/java/17.0.4-amzn/lib/libmanagement.dylib
0x0000000108c97000 	/Users/raulcarlinpaschoal/.sdkman/candidates/java/17.0.4-amzn/lib/libmanagement_ext.dylib
0x0000000108cd5000 	/Users/raulcarlinpaschoal/.sdkman/candidates/java/17.0.4-amzn/lib/libextnet.dylib
0x0000000108ce5000 	/Users/raulcarlinpaschoal/.sdkman/candidates/java/17.0.4-amzn/lib/libverify.dylib


VM Arguments:
jvm_args: -agentlib:jdwp=transport=dt_socket,address=127.0.0.1:51157,suspend=y,server=n -Dspring.profiles.active=local -javaagent:/Users/raulcarlinpaschoal/.gradle/caches/modules-2/files-2.1/org.jetbrains.kotlinx/kotlinx-coroutines-core-jvm/1.6.4/2c997cd1c0ef33f3e751d3831929aeff1390cb30/kotlinx-coroutines-core-jvm-1.6.4.jar -javaagent:/Users/raulcarlinpaschoal/Library/Caches/JetBrains/IdeaIC2022.3/captureAgent/debugger-agent.jar=file:/private/var/folders/0g/k4f137sj39q1n8wllyd82h_00000gp/T/capture.props -Dfile.encoding=UTF-8 
java_command: com.bankt.cmd.BanktCommandApiApplicationKt
java_class_path (initial): /Users/raulcarlinpaschoal/Development/Personal/bankt-poc/bankt-command-api/build/classes/kotlin/main:/Users/raulcarlinpaschoal/Development/Personal/bankt-poc/bankt-command-api/build/resources/main:/Users/raulcarlinpaschoal/Development/Personal/bankt-poc/bankt-cqrs-core/build/classes/kotlin/main:/Users/raulcarlinpaschoal/Development/Personal/bankt-poc/bankt-cqrs-core/build/resources/main:/Users/raulcarlinpaschoal/.gradle/caches/modules-2/files-2.1/org.springframework.boot/spring-boot-starter-actuator/3.0.3/7739be8aa0d24bbe15163d54374f51a233510bb7/spring-boot-starter-actuator-3.0.3.jar:/Users/raulcarlinpaschoal/.gradle/caches/modules-2/files-2.1/org.springframework.boot/spring-boot-starter-data-mongodb-reactive/3.0.3/1af3b2da1ed4aefd479b6dc12df9c0c782720dd3/spring-boot-starter-data-mongodb-reactive-3.0.3.jar:/Users/raulcarlinpaschoal/.gradle/caches/modules-2/files-2.1/org.springframework.boot/spring-boot-starter-webflux/3.0.3/c528d5a30fb3ce2bef23d97b1ade177f4f0bbfa2/spring-boot-starter-webflux-3.0.3.jar:/Users/raulcarlinpaschoal/.gradle/caches/modules-2/files-2.1/com.fasterxml.jackson.module/jackson-module-kotlin/2.14.2/eef6cbd3236664588e646157093d1266bf2d6279/jackson-module-kotlin-2.14.2.jar:/Users/raulcarlinpaschoal/.gradle/caches/modules-2/files-2.1/io.projectreactor.kotlin/reactor-kotlin-extensions/1.2.1/32d2676250e0a6210a96f540b45664c2bf6fdd7e/reactor-kotlin-extensions-1.2.1.jar:/Users/raulcarlinpaschoal/.gradle/caches/modules-2/files-2.1/org.jetbrains.kotlin/kotlin-reflect/1.7.22/e61a16c5c838d324529a6aa72dfb88ea98958a29/kotlin-reflect-1.7.22.jar:/Users/raulcarlinpaschoal/.gradle/caches/modules-2/files-2.1/org.jetbrains.kotlinx/kotlinx-coroutines-reactor/1.6.4/da962995ce46d7202a4cb8ffaf23f55bf745f7d7/kotlinx-coroutines-reactor-1.6.4.jar:/Users/raulcarlinpaschoal/.gradle/caches/modules-2/files-2.1/org.jetbrains.kotlin/kotlin-stdlib-jdk8/1.7.22/b75c999616784d452613d670fec56a527f2bd3d1/kotlin-stdlib-jdk8-1.7.22.jar:/Users/raulcarlinpasch
Launcher Type: SUN_STANDARD

[Global flags]
     intx CICompilerCount                          = 4                                         {product} {ergonomic}
     uint ConcGCThreads                            = 3                                         {product} {ergonomic}
     uint G1ConcRefinementThreads                  = 10                                        {product} {ergonomic}
   size_t G1HeapRegionSize                         = 2097152                                   {product} {ergonomic}
    uintx GCDrainStackTargetSize                   = 64                                        {product} {ergonomic}
   size_t InitialHeapSize                          = 268435456                                 {product} {ergonomic}
   size_t MarkStackSize                            = 4194304                                   {product} {ergonomic}
   size_t MaxHeapSize                              = 4294967296                                {product} {ergonomic}
   size_t MaxNewSize                               = 2575302656                                {product} {ergonomic}
   size_t MinHeapDeltaBytes                        = 2097152                                   {product} {ergonomic}
   size_t MinHeapSize                              = 8388608                                   {product} {ergonomic}
    uintx NonNMethodCodeHeapSize                   = 5839372                                {pd product} {ergonomic}
    uintx NonProfiledCodeHeapSize                  = 122909434                              {pd product} {ergonomic}
    uintx ProfiledCodeHeapSize                     = 122909434                              {pd product} {ergonomic}
    uintx ReservedCodeCacheSize                    = 251658240                              {pd product} {ergonomic}
     bool SegmentedCodeCache                       = true                                      {product} {ergonomic}
   size_t SoftMaxHeapSize                          = 4294967296                             {manageable} {ergonomic}
     bool UseCompressedClassPointers               = true                           {product lp64_product} {ergonomic}
     bool UseCompressedOops                        = true                           {product lp64_product} {ergonomic}
     bool UseG1GC                                  = true                                      {product} {ergonomic}
     bool UseNUMA                                  = false                                     {product} {ergonomic}
     bool UseNUMAInterleaving                      = false                                     {product} {ergonomic}

Logging:
Log output configuration:
 #0: stdout all=warning uptime,level,tags
 #1: stderr all=off uptime,level,tags

Environment Variables:
JAVA_HOME=/Users/raulcarlinpaschoal/.sdkman/candidates/java/current
PATH=/Users/raulcarlinpaschoal/.rvm/gems/ruby-3.0.0/bin:/Users/raulcarlinpaschoal/.rvm/gems/ruby-3.0.0@global/bin:/Users/raulcarlinpaschoal/.rvm/rubies/ruby-3.0.0/bin:/Users/raulcarlinpaschoal/.sdkman/candidates/maven/current/bin:/Users/raulcarlinpaschoal/.sdkman/candidates/kotlin/current/bin:/Users/raulcarlinpaschoal/.sdkman/candidates/java/current/bin:/Users/raulcarlinpaschoal/.sdkman/candidates/gradle/current/bin:/Users/raulcarlinpaschoal/.nvm/versions/node/v16.14.2/bin:/usr/local/bin:/System/Cryptexes/App/usr/bin:/usr/bin:/bin:/usr/sbin:/sbin:/usr/local/go/bin:/Library/Apple/usr/bin:/Users/raulcarlinpaschoal/.cargo/bin:/usr/local/bin:/Users/raulcarlinpaschoal/Development/Tools/flutter/bin:/Users/raulcarlinpaschoal/.pub-cache/bin:/Users/raulcarlinpaschoal/.rvm/bin
SHELL=/bin/zsh
LC_CTYPE=en_US.UTF-8
TMPDIR=/var/folders/0g/k4f137sj39q1n8wllyd82h_00000gp/T/

Signal Handlers:
   SIGSEGV: crash_handler in libjvm.dylib, mask=11100110000111110111111111111111, flags=SA_RESTART|SA_SIGINFO
    SIGBUS: crash_handler in libjvm.dylib, mask=11100110000111110111111111111111, flags=SA_RESTART|SA_SIGINFO
    SIGFPE: crash_handler in libjvm.dylib, mask=11100110000111110111111111111111, flags=SA_RESTART|SA_SIGINFO
   SIGPIPE: javaSignalHandler in libjvm.dylib, mask=11100110000111110111111111111111, flags=SA_RESTART|SA_SIGINFO
   SIGXFSZ: javaSignalHandler in libjvm.dylib, mask=11100110000111110111111111111111, flags=SA_RESTART|SA_SIGINFO
    SIGILL: crash_handler in libjvm.dylib, mask=11100110000111110111111111111111, flags=SA_RESTART|SA_SIGINFO
   SIGUSR2: SR_handler in libjvm.dylib, mask=00100000000000000000000000000000, flags=SA_RESTART|SA_SIGINFO
    SIGHUP: UserHandler in libjvm.dylib, mask=11100110000111110111111111111111, flags=SA_RESTART|SA_SIGINFO
    SIGINT: UserHandler in libjvm.dylib, mask=11100110000111110111111111111111, flags=SA_RESTART|SA_SIGINFO
   SIGTERM: UserHandler in libjvm.dylib, mask=11100110000111110111111111111111, flags=SA_RESTART|SA_SIGINFO
   SIGQUIT: UserHandler in libjvm.dylib, mask=11100110000111110111111111111111, flags=SA_RESTART|SA_SIGINFO
  *** Handler was modified!
  *** Expected: javaSignalHandler in libjvm.dylib, mask=11100110100111111111111111111111, flags=SA_RESTART|SA_SIGINFO
   SIGTRAP: crash_handler in libjvm.dylib, mask=11100110000111110111111111111111, flags=SA_RESTART|SA_SIGINFO


---------------  S Y S T E M  ---------------

OS:
uname: Darwin 22.2.0 Darwin Kernel Version 22.2.0: Fri Nov 11 02:08:47 PST 2022; root:xnu-8792.61.2~4/RELEASE_X86_64 x86_64
OS uptime: 0 days 2:50 hours
rlimit (soft/hard): STACK 8192k/65532k , CORE 0k/infinity , NPROC 2784/4176 , NOFILE 10240/infinity , AS infinity/infinity , CPU infinity/infinity , DATA infinity/infinity , FSIZE infinity/infinity , MEMLOCK infinity/infinity , RSS infinity/infinity
load average: 2.65 2.42 2.40

CPU: total 12 (initial active 12) (6 cores per cpu, 2 threads per core) family 6 model 158 stepping 10 microcode 0xf0, cx8, cmov, fxsr, ht, mmx, 3dnowpref, sse, sse2, sse3, ssse3, sse4.1, sse4.2, popcnt, lzcnt, tsc, tscinvbit, avx, avx2, aes, erms, clmul, bmi1, bmi2, adx, fma, vzeroupper, clflush, clflushopt

Memory: 4k page, physical 16777216k(41372k free), swap 2097152k(887552k free)

vm_info: OpenJDK 64-Bit Server VM (17.0.4+8-LTS) for bsd-amd64 JRE (17.0.4+8-LTS), built on Jul 15 2022 16:19:58 by "ec2user" with clang Apple LLVM 13.0.0 (clang-1300.0.29.30)

END.
